[2022-12-08 16:35:01,736] {processor.py:153} INFO - Started process (PID=2666) to work on /opt/airflow/dags/postgres_rds.py
[2022-12-08 16:35:01,736] {processor.py:641} INFO - Processing file /opt/airflow/dags/postgres_rds.py for tasks to queue
[2022-12-08 16:35:01,736] {logging_mixin.py:115} INFO - [2022-12-08 16:35:01,736] {dagbag.py:507} INFO - Filling up the DagBag from /opt/airflow/dags/postgres_rds.py
[2022-12-08 16:35:01,747] {processor.py:651} INFO - DAG(s) dict_keys(['postgres_operator_dag']) retrieved from /opt/airflow/dags/postgres_rds.py
[2022-12-08 16:35:01,807] {logging_mixin.py:115} INFO - [2022-12-08 16:35:01,807] {manager.py:508} INFO - Created Permission View: can read on DAG:postgres_operator_dag
[2022-12-08 16:35:01,814] {logging_mixin.py:115} INFO - [2022-12-08 16:35:01,814] {manager.py:508} INFO - Created Permission View: can delete on DAG:postgres_operator_dag
[2022-12-08 16:35:01,819] {logging_mixin.py:115} INFO - [2022-12-08 16:35:01,819] {manager.py:508} INFO - Created Permission View: can edit on DAG:postgres_operator_dag
[2022-12-08 16:35:01,819] {logging_mixin.py:115} INFO - [2022-12-08 16:35:01,819] {dag.py:2371} INFO - Sync 1 DAGs
[2022-12-08 16:35:01,826] {logging_mixin.py:115} INFO - [2022-12-08 16:35:01,826] {dag.py:2390} INFO - Creating ORM DAG for postgres_operator_dag
[2022-12-08 16:35:01,836] {logging_mixin.py:115} INFO - [2022-12-08 16:35:01,836] {dag.py:2919} INFO - Setting next_dagrun for postgres_operator_dag to 2020-02-02T00:00:00+00:00, run_after=2020-02-02T00:00:00+00:00
[2022-12-08 16:35:01,845] {processor.py:161} INFO - Processing /opt/airflow/dags/postgres_rds.py took 0.112 seconds
[2022-12-08 16:35:32,238] {processor.py:153} INFO - Started process (PID=2746) to work on /opt/airflow/dags/postgres_rds.py
[2022-12-08 16:35:32,239] {processor.py:641} INFO - Processing file /opt/airflow/dags/postgres_rds.py for tasks to queue
[2022-12-08 16:35:32,239] {logging_mixin.py:115} INFO - [2022-12-08 16:35:32,239] {dagbag.py:507} INFO - Filling up the DagBag from /opt/airflow/dags/postgres_rds.py
[2022-12-08 16:35:32,247] {processor.py:651} INFO - DAG(s) dict_keys(['postgres_operator_dag']) retrieved from /opt/airflow/dags/postgres_rds.py
[2022-12-08 16:35:32,264] {logging_mixin.py:115} INFO - [2022-12-08 16:35:32,264] {dag.py:2371} INFO - Sync 1 DAGs
[2022-12-08 16:35:32,280] {logging_mixin.py:115} INFO - [2022-12-08 16:35:32,280] {dag.py:2919} INFO - Setting next_dagrun for postgres_operator_dag to 2020-02-02T00:00:00+00:00, run_after=2020-02-02T00:00:00+00:00
[2022-12-08 16:35:32,290] {processor.py:161} INFO - Processing /opt/airflow/dags/postgres_rds.py took 0.054 seconds
[2022-12-08 16:36:02,808] {processor.py:153} INFO - Started process (PID=2817) to work on /opt/airflow/dags/postgres_rds.py
[2022-12-08 16:36:02,809] {processor.py:641} INFO - Processing file /opt/airflow/dags/postgres_rds.py for tasks to queue
[2022-12-08 16:36:02,809] {logging_mixin.py:115} INFO - [2022-12-08 16:36:02,809] {dagbag.py:507} INFO - Filling up the DagBag from /opt/airflow/dags/postgres_rds.py
[2022-12-08 16:36:02,816] {processor.py:651} INFO - DAG(s) dict_keys(['postgres_operator_dag']) retrieved from /opt/airflow/dags/postgres_rds.py
[2022-12-08 16:36:02,834] {logging_mixin.py:115} INFO - [2022-12-08 16:36:02,834] {dag.py:2371} INFO - Sync 1 DAGs
[2022-12-08 16:36:02,850] {logging_mixin.py:115} INFO - [2022-12-08 16:36:02,850] {dag.py:2919} INFO - Setting next_dagrun for postgres_operator_dag to 2020-02-02T00:00:00+00:00, run_after=2020-02-02T00:00:00+00:00
[2022-12-08 16:36:02,858] {processor.py:161} INFO - Processing /opt/airflow/dags/postgres_rds.py took 0.052 seconds
[2022-12-08 16:36:33,290] {processor.py:153} INFO - Started process (PID=2896) to work on /opt/airflow/dags/postgres_rds.py
[2022-12-08 16:36:33,291] {processor.py:641} INFO - Processing file /opt/airflow/dags/postgres_rds.py for tasks to queue
[2022-12-08 16:36:33,291] {logging_mixin.py:115} INFO - [2022-12-08 16:36:33,291] {dagbag.py:507} INFO - Filling up the DagBag from /opt/airflow/dags/postgres_rds.py
[2022-12-08 16:36:33,298] {processor.py:651} INFO - DAG(s) dict_keys(['postgres_operator_dag']) retrieved from /opt/airflow/dags/postgres_rds.py
[2022-12-08 16:36:33,316] {logging_mixin.py:115} INFO - [2022-12-08 16:36:33,316] {dag.py:2371} INFO - Sync 1 DAGs
[2022-12-08 16:36:33,332] {logging_mixin.py:115} INFO - [2022-12-08 16:36:33,332] {dag.py:2919} INFO - Setting next_dagrun for postgres_operator_dag to 2020-02-02T00:00:00+00:00, run_after=2020-02-02T00:00:00+00:00
[2022-12-08 16:36:33,340] {processor.py:161} INFO - Processing /opt/airflow/dags/postgres_rds.py took 0.052 seconds
[2022-12-08 16:37:03,728] {processor.py:153} INFO - Started process (PID=2974) to work on /opt/airflow/dags/postgres_rds.py
[2022-12-08 16:37:03,728] {processor.py:641} INFO - Processing file /opt/airflow/dags/postgres_rds.py for tasks to queue
[2022-12-08 16:37:03,728] {logging_mixin.py:115} INFO - [2022-12-08 16:37:03,728] {dagbag.py:507} INFO - Filling up the DagBag from /opt/airflow/dags/postgres_rds.py
[2022-12-08 16:37:03,735] {processor.py:651} INFO - DAG(s) dict_keys(['postgres_operator_dag']) retrieved from /opt/airflow/dags/postgres_rds.py
[2022-12-08 16:37:03,753] {logging_mixin.py:115} INFO - [2022-12-08 16:37:03,753] {dag.py:2371} INFO - Sync 1 DAGs
[2022-12-08 16:37:03,770] {logging_mixin.py:115} INFO - [2022-12-08 16:37:03,769] {dag.py:2919} INFO - Setting next_dagrun for postgres_operator_dag to 2020-02-02T00:00:00+00:00, run_after=2020-02-02T00:00:00+00:00
[2022-12-08 16:37:03,778] {processor.py:161} INFO - Processing /opt/airflow/dags/postgres_rds.py took 0.052 seconds
[2022-12-08 16:37:34,285] {processor.py:153} INFO - Started process (PID=3052) to work on /opt/airflow/dags/postgres_rds.py
[2022-12-08 16:37:34,286] {processor.py:641} INFO - Processing file /opt/airflow/dags/postgres_rds.py for tasks to queue
[2022-12-08 16:37:34,286] {logging_mixin.py:115} INFO - [2022-12-08 16:37:34,286] {dagbag.py:507} INFO - Filling up the DagBag from /opt/airflow/dags/postgres_rds.py
[2022-12-08 16:37:34,294] {processor.py:651} INFO - DAG(s) dict_keys(['postgres_operator_dag']) retrieved from /opt/airflow/dags/postgres_rds.py
[2022-12-08 16:37:34,313] {logging_mixin.py:115} INFO - [2022-12-08 16:37:34,313] {dag.py:2371} INFO - Sync 1 DAGs
[2022-12-08 16:37:34,329] {logging_mixin.py:115} INFO - [2022-12-08 16:37:34,329] {dag.py:2919} INFO - Setting next_dagrun for postgres_operator_dag to 2020-02-02T00:00:00+00:00, run_after=2020-02-02T00:00:00+00:00
[2022-12-08 16:37:34,337] {processor.py:161} INFO - Processing /opt/airflow/dags/postgres_rds.py took 0.054 seconds
[2022-12-08 16:38:05,044] {processor.py:153} INFO - Started process (PID=3119) to work on /opt/airflow/dags/postgres_rds.py
[2022-12-08 16:38:05,045] {processor.py:641} INFO - Processing file /opt/airflow/dags/postgres_rds.py for tasks to queue
[2022-12-08 16:38:05,045] {logging_mixin.py:115} INFO - [2022-12-08 16:38:05,045] {dagbag.py:507} INFO - Filling up the DagBag from /opt/airflow/dags/postgres_rds.py
[2022-12-08 16:38:05,052] {processor.py:651} INFO - DAG(s) dict_keys(['postgres_operator_dag']) retrieved from /opt/airflow/dags/postgres_rds.py
[2022-12-08 16:38:05,071] {logging_mixin.py:115} INFO - [2022-12-08 16:38:05,071] {dag.py:2371} INFO - Sync 1 DAGs
[2022-12-08 16:38:05,087] {logging_mixin.py:115} INFO - [2022-12-08 16:38:05,087] {dag.py:2919} INFO - Setting next_dagrun for postgres_operator_dag to 2020-02-02T00:00:00+00:00, run_after=2020-02-02T00:00:00+00:00
[2022-12-08 16:38:05,096] {processor.py:161} INFO - Processing /opt/airflow/dags/postgres_rds.py took 0.054 seconds
[2022-12-08 16:38:35,553] {processor.py:153} INFO - Started process (PID=3195) to work on /opt/airflow/dags/postgres_rds.py
[2022-12-08 16:38:35,553] {processor.py:641} INFO - Processing file /opt/airflow/dags/postgres_rds.py for tasks to queue
[2022-12-08 16:38:35,554] {logging_mixin.py:115} INFO - [2022-12-08 16:38:35,554] {dagbag.py:507} INFO - Filling up the DagBag from /opt/airflow/dags/postgres_rds.py
[2022-12-08 16:38:35,561] {processor.py:651} INFO - DAG(s) dict_keys(['postgres_operator_dag']) retrieved from /opt/airflow/dags/postgres_rds.py
[2022-12-08 16:38:35,579] {logging_mixin.py:115} INFO - [2022-12-08 16:38:35,579] {dag.py:2371} INFO - Sync 1 DAGs
[2022-12-08 16:38:35,595] {logging_mixin.py:115} INFO - [2022-12-08 16:38:35,595] {dag.py:2919} INFO - Setting next_dagrun for postgres_operator_dag to 2020-02-02T00:00:00+00:00, run_after=2020-02-02T00:00:00+00:00
[2022-12-08 16:38:35,603] {processor.py:161} INFO - Processing /opt/airflow/dags/postgres_rds.py took 0.053 seconds
