[2022-12-08 16:35:01,601] {processor.py:153} INFO - Started process (PID=2665) to work on /opt/airflow/dags/redshift_trial.py
[2022-12-08 16:35:01,602] {processor.py:641} INFO - Processing file /opt/airflow/dags/redshift_trial.py for tasks to queue
[2022-12-08 16:35:01,602] {logging_mixin.py:115} INFO - [2022-12-08 16:35:01,602] {dagbag.py:507} INFO - Filling up the DagBag from /opt/airflow/dags/redshift_trial.py
[2022-12-08 16:35:01,674] {processor.py:651} INFO - DAG(s) dict_keys(['redshift']) retrieved from /opt/airflow/dags/redshift_trial.py
[2022-12-08 16:35:01,744] {logging_mixin.py:115} INFO - [2022-12-08 16:35:01,744] {manager.py:508} INFO - Created Permission View: can read on DAG:redshift
[2022-12-08 16:35:01,751] {logging_mixin.py:115} INFO - [2022-12-08 16:35:01,751] {manager.py:508} INFO - Created Permission View: can delete on DAG:redshift
[2022-12-08 16:35:01,756] {logging_mixin.py:115} INFO - [2022-12-08 16:35:01,756] {manager.py:508} INFO - Created Permission View: can edit on DAG:redshift
[2022-12-08 16:35:01,756] {logging_mixin.py:115} INFO - [2022-12-08 16:35:01,756] {dag.py:2371} INFO - Sync 1 DAGs
[2022-12-08 16:35:01,762] {logging_mixin.py:115} INFO - [2022-12-08 16:35:01,762] {dag.py:2390} INFO - Creating ORM DAG for redshift
[2022-12-08 16:35:01,772] {logging_mixin.py:115} INFO - [2022-12-08 16:35:01,772] {dag.py:2919} INFO - Setting next_dagrun for redshift to None, run_after=None
[2022-12-08 16:35:01,782] {processor.py:161} INFO - Processing /opt/airflow/dags/redshift_trial.py took 0.183 seconds
[2022-12-08 16:35:32,148] {processor.py:153} INFO - Started process (PID=2745) to work on /opt/airflow/dags/redshift_trial.py
[2022-12-08 16:35:32,148] {processor.py:641} INFO - Processing file /opt/airflow/dags/redshift_trial.py for tasks to queue
[2022-12-08 16:35:32,148] {logging_mixin.py:115} INFO - [2022-12-08 16:35:32,148] {dagbag.py:507} INFO - Filling up the DagBag from /opt/airflow/dags/redshift_trial.py
[2022-12-08 16:35:32,219] {processor.py:651} INFO - DAG(s) dict_keys(['redshift']) retrieved from /opt/airflow/dags/redshift_trial.py
[2022-12-08 16:35:32,236] {logging_mixin.py:115} INFO - [2022-12-08 16:35:32,236] {dag.py:2371} INFO - Sync 1 DAGs
[2022-12-08 16:35:32,252] {logging_mixin.py:115} INFO - [2022-12-08 16:35:32,252] {dag.py:2919} INFO - Setting next_dagrun for redshift to None, run_after=None
[2022-12-08 16:35:32,260] {processor.py:161} INFO - Processing /opt/airflow/dags/redshift_trial.py took 0.115 seconds
[2022-12-08 16:36:02,708] {processor.py:153} INFO - Started process (PID=2816) to work on /opt/airflow/dags/redshift_trial.py
[2022-12-08 16:36:02,708] {processor.py:641} INFO - Processing file /opt/airflow/dags/redshift_trial.py for tasks to queue
[2022-12-08 16:36:02,709] {logging_mixin.py:115} INFO - [2022-12-08 16:36:02,708] {dagbag.py:507} INFO - Filling up the DagBag from /opt/airflow/dags/redshift_trial.py
[2022-12-08 16:36:02,779] {processor.py:651} INFO - DAG(s) dict_keys(['redshift']) retrieved from /opt/airflow/dags/redshift_trial.py
[2022-12-08 16:36:02,797] {logging_mixin.py:115} INFO - [2022-12-08 16:36:02,797] {dag.py:2371} INFO - Sync 1 DAGs
[2022-12-08 16:36:02,813] {logging_mixin.py:115} INFO - [2022-12-08 16:36:02,813] {dag.py:2919} INFO - Setting next_dagrun for redshift to None, run_after=None
[2022-12-08 16:36:02,820] {processor.py:161} INFO - Processing /opt/airflow/dags/redshift_trial.py took 0.115 seconds
[2022-12-08 16:36:33,247] {processor.py:153} INFO - Started process (PID=2895) to work on /opt/airflow/dags/redshift_trial.py
[2022-12-08 16:36:33,247] {processor.py:641} INFO - Processing file /opt/airflow/dags/redshift_trial.py for tasks to queue
[2022-12-08 16:36:33,248] {logging_mixin.py:115} INFO - [2022-12-08 16:36:33,248] {dagbag.py:507} INFO - Filling up the DagBag from /opt/airflow/dags/redshift_trial.py
[2022-12-08 16:36:33,318] {processor.py:651} INFO - DAG(s) dict_keys(['redshift']) retrieved from /opt/airflow/dags/redshift_trial.py
[2022-12-08 16:36:33,336] {logging_mixin.py:115} INFO - [2022-12-08 16:36:33,336] {dag.py:2371} INFO - Sync 1 DAGs
[2022-12-08 16:36:33,351] {logging_mixin.py:115} INFO - [2022-12-08 16:36:33,351] {dag.py:2919} INFO - Setting next_dagrun for redshift to None, run_after=None
[2022-12-08 16:36:33,359] {processor.py:161} INFO - Processing /opt/airflow/dags/redshift_trial.py took 0.114 seconds
[2022-12-08 16:37:03,676] {processor.py:153} INFO - Started process (PID=2973) to work on /opt/airflow/dags/redshift_trial.py
[2022-12-08 16:37:03,676] {processor.py:641} INFO - Processing file /opt/airflow/dags/redshift_trial.py for tasks to queue
[2022-12-08 16:37:03,676] {logging_mixin.py:115} INFO - [2022-12-08 16:37:03,676] {dagbag.py:507} INFO - Filling up the DagBag from /opt/airflow/dags/redshift_trial.py
[2022-12-08 16:37:03,747] {processor.py:651} INFO - DAG(s) dict_keys(['redshift']) retrieved from /opt/airflow/dags/redshift_trial.py
[2022-12-08 16:37:03,765] {logging_mixin.py:115} INFO - [2022-12-08 16:37:03,765] {dag.py:2371} INFO - Sync 1 DAGs
[2022-12-08 16:37:03,780] {logging_mixin.py:115} INFO - [2022-12-08 16:37:03,780] {dag.py:2919} INFO - Setting next_dagrun for redshift to None, run_after=None
[2022-12-08 16:37:03,788] {processor.py:161} INFO - Processing /opt/airflow/dags/redshift_trial.py took 0.115 seconds
[2022-12-08 16:37:34,233] {processor.py:153} INFO - Started process (PID=3051) to work on /opt/airflow/dags/redshift_trial.py
[2022-12-08 16:37:34,233] {processor.py:641} INFO - Processing file /opt/airflow/dags/redshift_trial.py for tasks to queue
[2022-12-08 16:37:34,234] {logging_mixin.py:115} INFO - [2022-12-08 16:37:34,234] {dagbag.py:507} INFO - Filling up the DagBag from /opt/airflow/dags/redshift_trial.py
[2022-12-08 16:37:34,305] {processor.py:651} INFO - DAG(s) dict_keys(['redshift']) retrieved from /opt/airflow/dags/redshift_trial.py
[2022-12-08 16:37:34,323] {logging_mixin.py:115} INFO - [2022-12-08 16:37:34,323] {dag.py:2371} INFO - Sync 1 DAGs
[2022-12-08 16:37:34,339] {logging_mixin.py:115} INFO - [2022-12-08 16:37:34,339] {dag.py:2919} INFO - Setting next_dagrun for redshift to None, run_after=None
[2022-12-08 16:37:34,347] {processor.py:161} INFO - Processing /opt/airflow/dags/redshift_trial.py took 0.116 seconds
[2022-12-08 16:38:04,993] {processor.py:153} INFO - Started process (PID=3118) to work on /opt/airflow/dags/redshift_trial.py
[2022-12-08 16:38:04,993] {processor.py:641} INFO - Processing file /opt/airflow/dags/redshift_trial.py for tasks to queue
[2022-12-08 16:38:04,994] {logging_mixin.py:115} INFO - [2022-12-08 16:38:04,994] {dagbag.py:507} INFO - Filling up the DagBag from /opt/airflow/dags/redshift_trial.py
[2022-12-08 16:38:05,064] {processor.py:651} INFO - DAG(s) dict_keys(['redshift']) retrieved from /opt/airflow/dags/redshift_trial.py
[2022-12-08 16:38:05,082] {logging_mixin.py:115} INFO - [2022-12-08 16:38:05,082] {dag.py:2371} INFO - Sync 1 DAGs
[2022-12-08 16:38:05,097] {logging_mixin.py:115} INFO - [2022-12-08 16:38:05,097] {dag.py:2919} INFO - Setting next_dagrun for redshift to None, run_after=None
[2022-12-08 16:38:05,105] {processor.py:161} INFO - Processing /opt/airflow/dags/redshift_trial.py took 0.114 seconds
[2022-12-08 16:38:35,501] {processor.py:153} INFO - Started process (PID=3194) to work on /opt/airflow/dags/redshift_trial.py
[2022-12-08 16:38:35,501] {processor.py:641} INFO - Processing file /opt/airflow/dags/redshift_trial.py for tasks to queue
[2022-12-08 16:38:35,502] {logging_mixin.py:115} INFO - [2022-12-08 16:38:35,502] {dagbag.py:507} INFO - Filling up the DagBag from /opt/airflow/dags/redshift_trial.py
[2022-12-08 16:38:35,572] {processor.py:651} INFO - DAG(s) dict_keys(['redshift']) retrieved from /opt/airflow/dags/redshift_trial.py
[2022-12-08 16:38:35,590] {logging_mixin.py:115} INFO - [2022-12-08 16:38:35,590] {dag.py:2371} INFO - Sync 1 DAGs
[2022-12-08 16:38:35,605] {logging_mixin.py:115} INFO - [2022-12-08 16:38:35,605] {dag.py:2919} INFO - Setting next_dagrun for redshift to None, run_after=None
[2022-12-08 16:38:35,613] {processor.py:161} INFO - Processing /opt/airflow/dags/redshift_trial.py took 0.115 seconds
[2022-12-08 16:39:06,081] {processor.py:153} INFO - Started process (PID=3270) to work on /opt/airflow/dags/redshift_trial.py
[2022-12-08 16:39:06,081] {processor.py:641} INFO - Processing file /opt/airflow/dags/redshift_trial.py for tasks to queue
[2022-12-08 16:39:06,082] {logging_mixin.py:115} INFO - [2022-12-08 16:39:06,082] {dagbag.py:507} INFO - Filling up the DagBag from /opt/airflow/dags/redshift_trial.py
[2022-12-08 16:39:06,152] {processor.py:651} INFO - DAG(s) dict_keys(['redshift']) retrieved from /opt/airflow/dags/redshift_trial.py
[2022-12-08 16:39:06,170] {logging_mixin.py:115} INFO - [2022-12-08 16:39:06,170] {dag.py:2371} INFO - Sync 1 DAGs
[2022-12-08 16:39:06,185] {logging_mixin.py:115} INFO - [2022-12-08 16:39:06,185] {dag.py:2919} INFO - Setting next_dagrun for redshift to None, run_after=None
[2022-12-08 16:39:06,193] {processor.py:161} INFO - Processing /opt/airflow/dags/redshift_trial.py took 0.115 seconds
[2022-12-08 16:39:36,603] {processor.py:153} INFO - Started process (PID=3337) to work on /opt/airflow/dags/redshift_trial.py
[2022-12-08 16:39:36,603] {processor.py:641} INFO - Processing file /opt/airflow/dags/redshift_trial.py for tasks to queue
[2022-12-08 16:39:36,604] {logging_mixin.py:115} INFO - [2022-12-08 16:39:36,604] {dagbag.py:507} INFO - Filling up the DagBag from /opt/airflow/dags/redshift_trial.py
[2022-12-08 16:39:36,674] {processor.py:651} INFO - DAG(s) dict_keys(['redshift']) retrieved from /opt/airflow/dags/redshift_trial.py
[2022-12-08 16:39:36,691] {logging_mixin.py:115} INFO - [2022-12-08 16:39:36,691] {dag.py:2371} INFO - Sync 1 DAGs
[2022-12-08 16:39:36,706] {logging_mixin.py:115} INFO - [2022-12-08 16:39:36,706] {dag.py:2919} INFO - Setting next_dagrun for redshift to None, run_after=None
[2022-12-08 16:39:36,714] {processor.py:161} INFO - Processing /opt/airflow/dags/redshift_trial.py took 0.113 seconds
[2022-12-08 16:40:07,199] {processor.py:153} INFO - Started process (PID=3413) to work on /opt/airflow/dags/redshift_trial.py
[2022-12-08 16:40:07,199] {processor.py:641} INFO - Processing file /opt/airflow/dags/redshift_trial.py for tasks to queue
[2022-12-08 16:40:07,199] {logging_mixin.py:115} INFO - [2022-12-08 16:40:07,199] {dagbag.py:507} INFO - Filling up the DagBag from /opt/airflow/dags/redshift_trial.py
[2022-12-08 16:40:07,269] {processor.py:651} INFO - DAG(s) dict_keys(['redshift']) retrieved from /opt/airflow/dags/redshift_trial.py
[2022-12-08 16:40:07,286] {logging_mixin.py:115} INFO - [2022-12-08 16:40:07,285] {dag.py:2371} INFO - Sync 1 DAGs
[2022-12-08 16:40:07,301] {logging_mixin.py:115} INFO - [2022-12-08 16:40:07,301] {dag.py:2919} INFO - Setting next_dagrun for redshift to None, run_after=None
[2022-12-08 16:40:07,307] {processor.py:161} INFO - Processing /opt/airflow/dags/redshift_trial.py took 0.111 seconds
[2022-12-08 16:40:37,657] {processor.py:153} INFO - Started process (PID=3489) to work on /opt/airflow/dags/redshift_trial.py
[2022-12-08 16:40:37,657] {processor.py:641} INFO - Processing file /opt/airflow/dags/redshift_trial.py for tasks to queue
[2022-12-08 16:40:37,658] {logging_mixin.py:115} INFO - [2022-12-08 16:40:37,658] {dagbag.py:507} INFO - Filling up the DagBag from /opt/airflow/dags/redshift_trial.py
[2022-12-08 16:40:37,728] {processor.py:651} INFO - DAG(s) dict_keys(['redshift']) retrieved from /opt/airflow/dags/redshift_trial.py
[2022-12-08 16:40:37,745] {logging_mixin.py:115} INFO - [2022-12-08 16:40:37,745] {dag.py:2371} INFO - Sync 1 DAGs
[2022-12-08 16:40:37,760] {logging_mixin.py:115} INFO - [2022-12-08 16:40:37,760] {dag.py:2919} INFO - Setting next_dagrun for redshift to None, run_after=None
[2022-12-08 16:40:37,767] {processor.py:161} INFO - Processing /opt/airflow/dags/redshift_trial.py took 0.112 seconds
[2022-12-08 16:41:08,186] {processor.py:153} INFO - Started process (PID=3563) to work on /opt/airflow/dags/redshift_trial.py
[2022-12-08 16:41:08,187] {processor.py:641} INFO - Processing file /opt/airflow/dags/redshift_trial.py for tasks to queue
[2022-12-08 16:41:08,187] {logging_mixin.py:115} INFO - [2022-12-08 16:41:08,187] {dagbag.py:507} INFO - Filling up the DagBag from /opt/airflow/dags/redshift_trial.py
[2022-12-08 16:41:08,258] {processor.py:651} INFO - DAG(s) dict_keys(['redshift']) retrieved from /opt/airflow/dags/redshift_trial.py
[2022-12-08 16:41:08,275] {logging_mixin.py:115} INFO - [2022-12-08 16:41:08,275] {dag.py:2371} INFO - Sync 1 DAGs
[2022-12-08 16:41:08,291] {logging_mixin.py:115} INFO - [2022-12-08 16:41:08,291] {dag.py:2919} INFO - Setting next_dagrun for redshift to None, run_after=None
[2022-12-08 16:41:08,298] {processor.py:161} INFO - Processing /opt/airflow/dags/redshift_trial.py took 0.114 seconds
[2022-12-08 16:41:38,601] {processor.py:153} INFO - Started process (PID=3632) to work on /opt/airflow/dags/redshift_trial.py
[2022-12-08 16:41:38,602] {processor.py:641} INFO - Processing file /opt/airflow/dags/redshift_trial.py for tasks to queue
[2022-12-08 16:41:38,602] {logging_mixin.py:115} INFO - [2022-12-08 16:41:38,602] {dagbag.py:507} INFO - Filling up the DagBag from /opt/airflow/dags/redshift_trial.py
[2022-12-08 16:41:38,671] {processor.py:651} INFO - DAG(s) dict_keys(['redshift']) retrieved from /opt/airflow/dags/redshift_trial.py
[2022-12-08 16:41:38,688] {logging_mixin.py:115} INFO - [2022-12-08 16:41:38,688] {dag.py:2371} INFO - Sync 1 DAGs
[2022-12-08 16:41:38,703] {logging_mixin.py:115} INFO - [2022-12-08 16:41:38,703] {dag.py:2919} INFO - Setting next_dagrun for redshift to None, run_after=None
[2022-12-08 16:41:38,710] {processor.py:161} INFO - Processing /opt/airflow/dags/redshift_trial.py took 0.112 seconds
[2022-12-08 16:42:08,929] {processor.py:153} INFO - Started process (PID=3708) to work on /opt/airflow/dags/redshift_trial.py
[2022-12-08 16:42:08,929] {processor.py:641} INFO - Processing file /opt/airflow/dags/redshift_trial.py for tasks to queue
[2022-12-08 16:42:08,929] {logging_mixin.py:115} INFO - [2022-12-08 16:42:08,929] {dagbag.py:507} INFO - Filling up the DagBag from /opt/airflow/dags/redshift_trial.py
[2022-12-08 16:42:08,999] {processor.py:651} INFO - DAG(s) dict_keys(['redshift']) retrieved from /opt/airflow/dags/redshift_trial.py
[2022-12-08 16:42:09,016] {logging_mixin.py:115} INFO - [2022-12-08 16:42:09,016] {dag.py:2371} INFO - Sync 1 DAGs
[2022-12-08 16:42:09,031] {logging_mixin.py:115} INFO - [2022-12-08 16:42:09,031] {dag.py:2919} INFO - Setting next_dagrun for redshift to None, run_after=None
[2022-12-08 16:42:09,038] {processor.py:161} INFO - Processing /opt/airflow/dags/redshift_trial.py took 0.112 seconds
[2022-12-08 16:42:39,280] {processor.py:153} INFO - Started process (PID=3784) to work on /opt/airflow/dags/redshift_trial.py
[2022-12-08 16:42:39,281] {processor.py:641} INFO - Processing file /opt/airflow/dags/redshift_trial.py for tasks to queue
[2022-12-08 16:42:39,281] {logging_mixin.py:115} INFO - [2022-12-08 16:42:39,281] {dagbag.py:507} INFO - Filling up the DagBag from /opt/airflow/dags/redshift_trial.py
[2022-12-08 16:42:39,355] {processor.py:651} INFO - DAG(s) dict_keys(['redshift']) retrieved from /opt/airflow/dags/redshift_trial.py
[2022-12-08 16:42:39,373] {logging_mixin.py:115} INFO - [2022-12-08 16:42:39,373] {dag.py:2371} INFO - Sync 1 DAGs
[2022-12-08 16:42:39,388] {logging_mixin.py:115} INFO - [2022-12-08 16:42:39,388] {dag.py:2919} INFO - Setting next_dagrun for redshift to None, run_after=None
[2022-12-08 16:42:39,395] {processor.py:161} INFO - Processing /opt/airflow/dags/redshift_trial.py took 0.117 seconds
[2022-12-08 16:43:09,942] {processor.py:153} INFO - Started process (PID=3851) to work on /opt/airflow/dags/redshift_trial.py
[2022-12-08 16:43:09,942] {processor.py:641} INFO - Processing file /opt/airflow/dags/redshift_trial.py for tasks to queue
[2022-12-08 16:43:09,942] {logging_mixin.py:115} INFO - [2022-12-08 16:43:09,942] {dagbag.py:507} INFO - Filling up the DagBag from /opt/airflow/dags/redshift_trial.py
[2022-12-08 16:43:10,012] {processor.py:651} INFO - DAG(s) dict_keys(['redshift']) retrieved from /opt/airflow/dags/redshift_trial.py
[2022-12-08 16:43:10,029] {logging_mixin.py:115} INFO - [2022-12-08 16:43:10,029] {dag.py:2371} INFO - Sync 1 DAGs
[2022-12-08 16:43:10,045] {logging_mixin.py:115} INFO - [2022-12-08 16:43:10,045] {dag.py:2919} INFO - Setting next_dagrun for redshift to None, run_after=None
[2022-12-08 16:43:10,052] {processor.py:161} INFO - Processing /opt/airflow/dags/redshift_trial.py took 0.113 seconds
[2022-12-08 16:43:40,321] {processor.py:153} INFO - Started process (PID=3927) to work on /opt/airflow/dags/redshift_trial.py
[2022-12-08 16:43:40,322] {processor.py:641} INFO - Processing file /opt/airflow/dags/redshift_trial.py for tasks to queue
[2022-12-08 16:43:40,322] {logging_mixin.py:115} INFO - [2022-12-08 16:43:40,322] {dagbag.py:507} INFO - Filling up the DagBag from /opt/airflow/dags/redshift_trial.py
[2022-12-08 16:43:40,392] {processor.py:651} INFO - DAG(s) dict_keys(['redshift']) retrieved from /opt/airflow/dags/redshift_trial.py
[2022-12-08 16:43:40,409] {logging_mixin.py:115} INFO - [2022-12-08 16:43:40,409] {dag.py:2371} INFO - Sync 1 DAGs
[2022-12-08 16:43:40,424] {logging_mixin.py:115} INFO - [2022-12-08 16:43:40,424] {dag.py:2919} INFO - Setting next_dagrun for redshift to None, run_after=None
[2022-12-08 16:43:40,431] {processor.py:161} INFO - Processing /opt/airflow/dags/redshift_trial.py took 0.112 seconds
[2022-12-08 16:44:10,790] {processor.py:153} INFO - Started process (PID=4003) to work on /opt/airflow/dags/redshift_trial.py
[2022-12-08 16:44:10,791] {processor.py:641} INFO - Processing file /opt/airflow/dags/redshift_trial.py for tasks to queue
[2022-12-08 16:44:10,791] {logging_mixin.py:115} INFO - [2022-12-08 16:44:10,791] {dagbag.py:507} INFO - Filling up the DagBag from /opt/airflow/dags/redshift_trial.py
[2022-12-08 16:44:10,861] {processor.py:651} INFO - DAG(s) dict_keys(['redshift']) retrieved from /opt/airflow/dags/redshift_trial.py
[2022-12-08 16:44:10,878] {logging_mixin.py:115} INFO - [2022-12-08 16:44:10,878] {dag.py:2371} INFO - Sync 1 DAGs
[2022-12-08 16:44:10,893] {logging_mixin.py:115} INFO - [2022-12-08 16:44:10,892] {dag.py:2919} INFO - Setting next_dagrun for redshift to None, run_after=None
[2022-12-08 16:44:10,899] {processor.py:161} INFO - Processing /opt/airflow/dags/redshift_trial.py took 0.111 seconds
[2022-12-08 16:44:41,276] {processor.py:153} INFO - Started process (PID=4070) to work on /opt/airflow/dags/redshift_trial.py
[2022-12-08 16:44:41,277] {processor.py:641} INFO - Processing file /opt/airflow/dags/redshift_trial.py for tasks to queue
[2022-12-08 16:44:41,278] {logging_mixin.py:115} INFO - [2022-12-08 16:44:41,277] {dagbag.py:507} INFO - Filling up the DagBag from /opt/airflow/dags/redshift_trial.py
[2022-12-08 16:44:41,347] {processor.py:651} INFO - DAG(s) dict_keys(['redshift']) retrieved from /opt/airflow/dags/redshift_trial.py
[2022-12-08 16:44:41,364] {logging_mixin.py:115} INFO - [2022-12-08 16:44:41,364] {dag.py:2371} INFO - Sync 1 DAGs
[2022-12-08 16:44:41,380] {logging_mixin.py:115} INFO - [2022-12-08 16:44:41,380] {dag.py:2919} INFO - Setting next_dagrun for redshift to None, run_after=None
[2022-12-08 16:44:41,387] {processor.py:161} INFO - Processing /opt/airflow/dags/redshift_trial.py took 0.113 seconds
[2022-12-08 16:45:11,772] {processor.py:153} INFO - Started process (PID=4146) to work on /opt/airflow/dags/redshift_trial.py
[2022-12-08 16:45:11,772] {processor.py:641} INFO - Processing file /opt/airflow/dags/redshift_trial.py for tasks to queue
[2022-12-08 16:45:11,773] {logging_mixin.py:115} INFO - [2022-12-08 16:45:11,773] {dagbag.py:507} INFO - Filling up the DagBag from /opt/airflow/dags/redshift_trial.py
[2022-12-08 16:45:11,844] {processor.py:651} INFO - DAG(s) dict_keys(['redshift']) retrieved from /opt/airflow/dags/redshift_trial.py
[2022-12-08 16:45:11,861] {logging_mixin.py:115} INFO - [2022-12-08 16:45:11,861] {dag.py:2371} INFO - Sync 1 DAGs
[2022-12-08 16:45:11,876] {logging_mixin.py:115} INFO - [2022-12-08 16:45:11,876] {dag.py:2919} INFO - Setting next_dagrun for redshift to None, run_after=None
[2022-12-08 16:45:11,882] {processor.py:161} INFO - Processing /opt/airflow/dags/redshift_trial.py took 0.113 seconds
[2022-12-08 16:45:42,395] {processor.py:153} INFO - Started process (PID=4222) to work on /opt/airflow/dags/redshift_trial.py
[2022-12-08 16:45:42,395] {processor.py:641} INFO - Processing file /opt/airflow/dags/redshift_trial.py for tasks to queue
[2022-12-08 16:45:42,396] {logging_mixin.py:115} INFO - [2022-12-08 16:45:42,396] {dagbag.py:507} INFO - Filling up the DagBag from /opt/airflow/dags/redshift_trial.py
[2022-12-08 16:45:42,465] {processor.py:651} INFO - DAG(s) dict_keys(['redshift']) retrieved from /opt/airflow/dags/redshift_trial.py
[2022-12-08 16:45:42,482] {logging_mixin.py:115} INFO - [2022-12-08 16:45:42,482] {dag.py:2371} INFO - Sync 1 DAGs
[2022-12-08 16:45:42,497] {logging_mixin.py:115} INFO - [2022-12-08 16:45:42,497] {dag.py:2919} INFO - Setting next_dagrun for redshift to None, run_after=None
[2022-12-08 16:45:42,504] {processor.py:161} INFO - Processing /opt/airflow/dags/redshift_trial.py took 0.112 seconds
[2022-12-08 16:46:12,910] {processor.py:153} INFO - Started process (PID=4298) to work on /opt/airflow/dags/redshift_trial.py
[2022-12-08 16:46:12,910] {processor.py:641} INFO - Processing file /opt/airflow/dags/redshift_trial.py for tasks to queue
[2022-12-08 16:46:12,911] {logging_mixin.py:115} INFO - [2022-12-08 16:46:12,911] {dagbag.py:507} INFO - Filling up the DagBag from /opt/airflow/dags/redshift_trial.py
[2022-12-08 16:46:12,982] {processor.py:651} INFO - DAG(s) dict_keys(['redshift']) retrieved from /opt/airflow/dags/redshift_trial.py
[2022-12-08 16:46:13,000] {logging_mixin.py:115} INFO - [2022-12-08 16:46:13,000] {dag.py:2371} INFO - Sync 1 DAGs
[2022-12-08 16:46:13,015] {logging_mixin.py:115} INFO - [2022-12-08 16:46:13,015] {dag.py:2919} INFO - Setting next_dagrun for redshift to None, run_after=None
[2022-12-08 16:46:13,023] {processor.py:161} INFO - Processing /opt/airflow/dags/redshift_trial.py took 0.115 seconds
[2022-12-08 16:46:43,635] {processor.py:153} INFO - Started process (PID=4365) to work on /opt/airflow/dags/redshift_trial.py
[2022-12-08 16:46:43,635] {processor.py:641} INFO - Processing file /opt/airflow/dags/redshift_trial.py for tasks to queue
[2022-12-08 16:46:43,636] {logging_mixin.py:115} INFO - [2022-12-08 16:46:43,636] {dagbag.py:507} INFO - Filling up the DagBag from /opt/airflow/dags/redshift_trial.py
[2022-12-08 16:46:43,705] {processor.py:651} INFO - DAG(s) dict_keys(['redshift']) retrieved from /opt/airflow/dags/redshift_trial.py
[2022-12-08 16:46:43,722] {logging_mixin.py:115} INFO - [2022-12-08 16:46:43,722] {dag.py:2371} INFO - Sync 1 DAGs
[2022-12-08 16:46:43,737] {logging_mixin.py:115} INFO - [2022-12-08 16:46:43,737] {dag.py:2919} INFO - Setting next_dagrun for redshift to None, run_after=None
[2022-12-08 16:46:43,744] {processor.py:161} INFO - Processing /opt/airflow/dags/redshift_trial.py took 0.111 seconds
[2022-12-08 16:47:13,959] {processor.py:153} INFO - Started process (PID=4441) to work on /opt/airflow/dags/redshift_trial.py
[2022-12-08 16:47:13,959] {processor.py:641} INFO - Processing file /opt/airflow/dags/redshift_trial.py for tasks to queue
[2022-12-08 16:47:13,960] {logging_mixin.py:115} INFO - [2022-12-08 16:47:13,960] {dagbag.py:507} INFO - Filling up the DagBag from /opt/airflow/dags/redshift_trial.py
[2022-12-08 16:47:14,030] {processor.py:651} INFO - DAG(s) dict_keys(['redshift']) retrieved from /opt/airflow/dags/redshift_trial.py
[2022-12-08 16:47:14,047] {logging_mixin.py:115} INFO - [2022-12-08 16:47:14,047] {dag.py:2371} INFO - Sync 1 DAGs
[2022-12-08 16:47:14,062] {logging_mixin.py:115} INFO - [2022-12-08 16:47:14,062] {dag.py:2919} INFO - Setting next_dagrun for redshift to None, run_after=None
[2022-12-08 16:47:14,069] {processor.py:161} INFO - Processing /opt/airflow/dags/redshift_trial.py took 0.112 seconds
[2022-12-08 16:47:44,372] {processor.py:153} INFO - Started process (PID=4517) to work on /opt/airflow/dags/redshift_trial.py
[2022-12-08 16:47:44,373] {processor.py:641} INFO - Processing file /opt/airflow/dags/redshift_trial.py for tasks to queue
[2022-12-08 16:47:44,373] {logging_mixin.py:115} INFO - [2022-12-08 16:47:44,373] {dagbag.py:507} INFO - Filling up the DagBag from /opt/airflow/dags/redshift_trial.py
[2022-12-08 16:47:44,442] {processor.py:651} INFO - DAG(s) dict_keys(['redshift']) retrieved from /opt/airflow/dags/redshift_trial.py
[2022-12-08 16:47:44,459] {logging_mixin.py:115} INFO - [2022-12-08 16:47:44,459] {dag.py:2371} INFO - Sync 1 DAGs
[2022-12-08 16:47:44,474] {logging_mixin.py:115} INFO - [2022-12-08 16:47:44,474] {dag.py:2919} INFO - Setting next_dagrun for redshift to None, run_after=None
[2022-12-08 16:47:44,481] {processor.py:161} INFO - Processing /opt/airflow/dags/redshift_trial.py took 0.111 seconds
[2022-12-08 16:48:15,137] {processor.py:153} INFO - Started process (PID=4566) to work on /opt/airflow/dags/redshift_trial.py
[2022-12-08 16:48:15,137] {processor.py:641} INFO - Processing file /opt/airflow/dags/redshift_trial.py for tasks to queue
[2022-12-08 16:48:15,137] {logging_mixin.py:115} INFO - [2022-12-08 16:48:15,137] {dagbag.py:507} INFO - Filling up the DagBag from /opt/airflow/dags/redshift_trial.py
[2022-12-08 16:48:15,207] {processor.py:651} INFO - DAG(s) dict_keys(['redshift']) retrieved from /opt/airflow/dags/redshift_trial.py
[2022-12-08 16:48:15,224] {logging_mixin.py:115} INFO - [2022-12-08 16:48:15,224] {dag.py:2371} INFO - Sync 1 DAGs
[2022-12-08 16:48:15,239] {logging_mixin.py:115} INFO - [2022-12-08 16:48:15,239] {dag.py:2919} INFO - Setting next_dagrun for redshift to None, run_after=None
[2022-12-08 16:48:15,246] {processor.py:161} INFO - Processing /opt/airflow/dags/redshift_trial.py took 0.112 seconds
[2022-12-08 16:48:46,770] {processor.py:153} INFO - Started process (PID=4642) to work on /opt/airflow/dags/redshift_trial.py
[2022-12-08 16:48:46,770] {processor.py:641} INFO - Processing file /opt/airflow/dags/redshift_trial.py for tasks to queue
[2022-12-08 16:48:46,771] {logging_mixin.py:115} INFO - [2022-12-08 16:48:46,770] {dagbag.py:507} INFO - Filling up the DagBag from /opt/airflow/dags/redshift_trial.py
[2022-12-08 16:48:46,840] {processor.py:651} INFO - DAG(s) dict_keys(['redshift']) retrieved from /opt/airflow/dags/redshift_trial.py
[2022-12-08 16:48:46,857] {logging_mixin.py:115} INFO - [2022-12-08 16:48:46,857] {dag.py:2371} INFO - Sync 1 DAGs
[2022-12-08 16:48:46,873] {logging_mixin.py:115} INFO - [2022-12-08 16:48:46,873] {dag.py:2919} INFO - Setting next_dagrun for redshift to None, run_after=None
[2022-12-08 16:48:46,880] {processor.py:161} INFO - Processing /opt/airflow/dags/redshift_trial.py took 0.112 seconds
[2022-12-08 16:49:17,290] {processor.py:153} INFO - Started process (PID=4718) to work on /opt/airflow/dags/redshift_trial.py
[2022-12-08 16:49:17,291] {processor.py:641} INFO - Processing file /opt/airflow/dags/redshift_trial.py for tasks to queue
[2022-12-08 16:49:17,291] {logging_mixin.py:115} INFO - [2022-12-08 16:49:17,291] {dagbag.py:507} INFO - Filling up the DagBag from /opt/airflow/dags/redshift_trial.py
[2022-12-08 16:49:17,360] {processor.py:651} INFO - DAG(s) dict_keys(['redshift']) retrieved from /opt/airflow/dags/redshift_trial.py
[2022-12-08 16:49:17,377] {logging_mixin.py:115} INFO - [2022-12-08 16:49:17,377] {dag.py:2371} INFO - Sync 1 DAGs
[2022-12-08 16:49:17,392] {logging_mixin.py:115} INFO - [2022-12-08 16:49:17,392] {dag.py:2919} INFO - Setting next_dagrun for redshift to None, run_after=None
[2022-12-08 16:49:17,399] {processor.py:161} INFO - Processing /opt/airflow/dags/redshift_trial.py took 0.111 seconds
[2022-12-08 16:49:48,530] {processor.py:153} INFO - Started process (PID=4789) to work on /opt/airflow/dags/redshift_trial.py
[2022-12-08 16:49:48,531] {processor.py:641} INFO - Processing file /opt/airflow/dags/redshift_trial.py for tasks to queue
[2022-12-08 16:49:48,532] {logging_mixin.py:115} INFO - [2022-12-08 16:49:48,532] {dagbag.py:507} INFO - Filling up the DagBag from /opt/airflow/dags/redshift_trial.py
[2022-12-08 16:49:48,601] {processor.py:651} INFO - DAG(s) dict_keys(['redshift']) retrieved from /opt/airflow/dags/redshift_trial.py
[2022-12-08 16:49:48,619] {logging_mixin.py:115} INFO - [2022-12-08 16:49:48,619] {dag.py:2371} INFO - Sync 1 DAGs
[2022-12-08 16:49:48,634] {logging_mixin.py:115} INFO - [2022-12-08 16:49:48,634] {dag.py:2919} INFO - Setting next_dagrun for redshift to None, run_after=None
[2022-12-08 16:49:48,641] {processor.py:161} INFO - Processing /opt/airflow/dags/redshift_trial.py took 0.113 seconds
[2022-12-08 16:50:19,345] {processor.py:153} INFO - Started process (PID=4853) to work on /opt/airflow/dags/redshift_trial.py
[2022-12-08 16:50:19,345] {processor.py:641} INFO - Processing file /opt/airflow/dags/redshift_trial.py for tasks to queue
[2022-12-08 16:50:19,346] {logging_mixin.py:115} INFO - [2022-12-08 16:50:19,345] {dagbag.py:507} INFO - Filling up the DagBag from /opt/airflow/dags/redshift_trial.py
[2022-12-08 16:50:19,416] {processor.py:651} INFO - DAG(s) dict_keys(['redshift']) retrieved from /opt/airflow/dags/redshift_trial.py
[2022-12-08 16:50:19,433] {logging_mixin.py:115} INFO - [2022-12-08 16:50:19,433] {dag.py:2371} INFO - Sync 1 DAGs
[2022-12-08 16:50:19,448] {logging_mixin.py:115} INFO - [2022-12-08 16:50:19,448] {dag.py:2919} INFO - Setting next_dagrun for redshift to None, run_after=None
[2022-12-08 16:50:19,455] {processor.py:161} INFO - Processing /opt/airflow/dags/redshift_trial.py took 0.113 seconds
[2022-12-08 16:50:50,013] {processor.py:153} INFO - Started process (PID=4926) to work on /opt/airflow/dags/redshift_trial.py
[2022-12-08 16:50:50,014] {processor.py:641} INFO - Processing file /opt/airflow/dags/redshift_trial.py for tasks to queue
[2022-12-08 16:50:50,014] {logging_mixin.py:115} INFO - [2022-12-08 16:50:50,014] {dagbag.py:507} INFO - Filling up the DagBag from /opt/airflow/dags/redshift_trial.py
[2022-12-08 16:50:50,084] {processor.py:651} INFO - DAG(s) dict_keys(['redshift']) retrieved from /opt/airflow/dags/redshift_trial.py
[2022-12-08 16:50:50,102] {logging_mixin.py:115} INFO - [2022-12-08 16:50:50,102] {dag.py:2371} INFO - Sync 1 DAGs
[2022-12-08 16:50:50,117] {logging_mixin.py:115} INFO - [2022-12-08 16:50:50,117] {dag.py:2919} INFO - Setting next_dagrun for redshift to None, run_after=None
[2022-12-08 16:50:50,124] {processor.py:161} INFO - Processing /opt/airflow/dags/redshift_trial.py took 0.113 seconds
[2022-12-08 16:51:20,829] {processor.py:153} INFO - Started process (PID=5003) to work on /opt/airflow/dags/redshift_trial.py
[2022-12-08 16:51:20,829] {processor.py:641} INFO - Processing file /opt/airflow/dags/redshift_trial.py for tasks to queue
[2022-12-08 16:51:20,830] {logging_mixin.py:115} INFO - [2022-12-08 16:51:20,830] {dagbag.py:507} INFO - Filling up the DagBag from /opt/airflow/dags/redshift_trial.py
[2022-12-08 16:51:20,899] {processor.py:651} INFO - DAG(s) dict_keys(['redshift']) retrieved from /opt/airflow/dags/redshift_trial.py
[2022-12-08 16:51:20,917] {logging_mixin.py:115} INFO - [2022-12-08 16:51:20,917] {dag.py:2371} INFO - Sync 1 DAGs
[2022-12-08 16:51:20,933] {logging_mixin.py:115} INFO - [2022-12-08 16:51:20,933] {dag.py:2919} INFO - Setting next_dagrun for redshift to None, run_after=None
[2022-12-08 16:51:20,940] {processor.py:161} INFO - Processing /opt/airflow/dags/redshift_trial.py took 0.113 seconds
[2022-12-08 16:51:51,566] {processor.py:153} INFO - Started process (PID=5078) to work on /opt/airflow/dags/redshift_trial.py
[2022-12-08 16:51:51,566] {processor.py:641} INFO - Processing file /opt/airflow/dags/redshift_trial.py for tasks to queue
[2022-12-08 16:51:51,567] {logging_mixin.py:115} INFO - [2022-12-08 16:51:51,567] {dagbag.py:507} INFO - Filling up the DagBag from /opt/airflow/dags/redshift_trial.py
[2022-12-08 16:51:51,639] {processor.py:651} INFO - DAG(s) dict_keys(['redshift']) retrieved from /opt/airflow/dags/redshift_trial.py
[2022-12-08 16:51:51,657] {logging_mixin.py:115} INFO - [2022-12-08 16:51:51,657] {dag.py:2371} INFO - Sync 1 DAGs
[2022-12-08 16:51:51,673] {logging_mixin.py:115} INFO - [2022-12-08 16:51:51,672] {dag.py:2919} INFO - Setting next_dagrun for redshift to None, run_after=None
[2022-12-08 16:51:51,679] {processor.py:161} INFO - Processing /opt/airflow/dags/redshift_trial.py took 0.116 seconds
[2022-12-08 16:52:21,717] {processor.py:153} INFO - Started process (PID=5137) to work on /opt/airflow/dags/redshift_trial.py
[2022-12-08 16:52:21,717] {processor.py:641} INFO - Processing file /opt/airflow/dags/redshift_trial.py for tasks to queue
[2022-12-08 16:52:21,718] {logging_mixin.py:115} INFO - [2022-12-08 16:52:21,718] {dagbag.py:507} INFO - Filling up the DagBag from /opt/airflow/dags/redshift_trial.py
[2022-12-08 16:52:21,787] {processor.py:651} INFO - DAG(s) dict_keys(['redshift']) retrieved from /opt/airflow/dags/redshift_trial.py
[2022-12-08 16:52:21,806] {logging_mixin.py:115} INFO - [2022-12-08 16:52:21,806] {dag.py:2371} INFO - Sync 1 DAGs
[2022-12-08 16:52:21,821] {logging_mixin.py:115} INFO - [2022-12-08 16:52:21,821] {dag.py:2919} INFO - Setting next_dagrun for redshift to None, run_after=None
[2022-12-08 16:52:21,828] {processor.py:161} INFO - Processing /opt/airflow/dags/redshift_trial.py took 0.114 seconds
[2022-12-08 16:52:51,939] {processor.py:153} INFO - Started process (PID=5212) to work on /opt/airflow/dags/redshift_trial.py
[2022-12-08 16:52:51,941] {processor.py:641} INFO - Processing file /opt/airflow/dags/redshift_trial.py for tasks to queue
[2022-12-08 16:52:51,941] {logging_mixin.py:115} INFO - [2022-12-08 16:52:51,941] {dagbag.py:507} INFO - Filling up the DagBag from /opt/airflow/dags/redshift_trial.py
[2022-12-08 16:52:52,011] {processor.py:651} INFO - DAG(s) dict_keys(['redshift']) retrieved from /opt/airflow/dags/redshift_trial.py
[2022-12-08 16:52:52,029] {logging_mixin.py:115} INFO - [2022-12-08 16:52:52,029] {dag.py:2371} INFO - Sync 1 DAGs
[2022-12-08 16:52:52,044] {logging_mixin.py:115} INFO - [2022-12-08 16:52:52,044] {dag.py:2919} INFO - Setting next_dagrun for redshift to None, run_after=None
[2022-12-08 16:52:52,051] {processor.py:161} INFO - Processing /opt/airflow/dags/redshift_trial.py took 0.114 seconds
[2022-12-08 16:53:22,721] {processor.py:153} INFO - Started process (PID=5286) to work on /opt/airflow/dags/redshift_trial.py
[2022-12-08 16:53:22,721] {processor.py:641} INFO - Processing file /opt/airflow/dags/redshift_trial.py for tasks to queue
[2022-12-08 16:53:22,721] {logging_mixin.py:115} INFO - [2022-12-08 16:53:22,721] {dagbag.py:507} INFO - Filling up the DagBag from /opt/airflow/dags/redshift_trial.py
[2022-12-08 16:53:22,791] {processor.py:651} INFO - DAG(s) dict_keys(['redshift']) retrieved from /opt/airflow/dags/redshift_trial.py
[2022-12-08 16:53:22,808] {logging_mixin.py:115} INFO - [2022-12-08 16:53:22,808] {dag.py:2371} INFO - Sync 1 DAGs
[2022-12-08 16:53:22,823] {logging_mixin.py:115} INFO - [2022-12-08 16:53:22,823] {dag.py:2919} INFO - Setting next_dagrun for redshift to None, run_after=None
[2022-12-08 16:53:22,830] {processor.py:161} INFO - Processing /opt/airflow/dags/redshift_trial.py took 0.112 seconds
