[2022-12-08 16:35:01,579] {processor.py:153} INFO - Started process (PID=2664) to work on /opt/airflow/dags/s3_file_sensor.py
[2022-12-08 16:35:01,580] {processor.py:641} INFO - Processing file /opt/airflow/dags/s3_file_sensor.py for tasks to queue
[2022-12-08 16:35:01,580] {logging_mixin.py:115} INFO - [2022-12-08 16:35:01,580] {dagbag.py:507} INFO - Filling up the DagBag from /opt/airflow/dags/s3_file_sensor.py
[2022-12-08 16:35:01,581] {processor.py:653} WARNING - No viable dags retrieved from /opt/airflow/dags/s3_file_sensor.py
[2022-12-08 16:35:01,591] {processor.py:161} INFO - Processing /opt/airflow/dags/s3_file_sensor.py took 0.014 seconds
[2022-12-08 16:35:32,125] {processor.py:153} INFO - Started process (PID=2744) to work on /opt/airflow/dags/s3_file_sensor.py
[2022-12-08 16:35:32,126] {processor.py:641} INFO - Processing file /opt/airflow/dags/s3_file_sensor.py for tasks to queue
[2022-12-08 16:35:32,126] {logging_mixin.py:115} INFO - [2022-12-08 16:35:32,126] {dagbag.py:507} INFO - Filling up the DagBag from /opt/airflow/dags/s3_file_sensor.py
[2022-12-08 16:35:32,127] {processor.py:653} WARNING - No viable dags retrieved from /opt/airflow/dags/s3_file_sensor.py
[2022-12-08 16:35:32,137] {processor.py:161} INFO - Processing /opt/airflow/dags/s3_file_sensor.py took 0.014 seconds
[2022-12-08 16:36:02,685] {processor.py:153} INFO - Started process (PID=2815) to work on /opt/airflow/dags/s3_file_sensor.py
[2022-12-08 16:36:02,686] {processor.py:641} INFO - Processing file /opt/airflow/dags/s3_file_sensor.py for tasks to queue
[2022-12-08 16:36:02,686] {logging_mixin.py:115} INFO - [2022-12-08 16:36:02,686] {dagbag.py:507} INFO - Filling up the DagBag from /opt/airflow/dags/s3_file_sensor.py
[2022-12-08 16:36:02,687] {processor.py:653} WARNING - No viable dags retrieved from /opt/airflow/dags/s3_file_sensor.py
[2022-12-08 16:36:02,697] {processor.py:161} INFO - Processing /opt/airflow/dags/s3_file_sensor.py took 0.014 seconds
[2022-12-08 16:36:33,226] {processor.py:153} INFO - Started process (PID=2894) to work on /opt/airflow/dags/s3_file_sensor.py
[2022-12-08 16:36:33,226] {processor.py:641} INFO - Processing file /opt/airflow/dags/s3_file_sensor.py for tasks to queue
[2022-12-08 16:36:33,226] {logging_mixin.py:115} INFO - [2022-12-08 16:36:33,226] {dagbag.py:507} INFO - Filling up the DagBag from /opt/airflow/dags/s3_file_sensor.py
[2022-12-08 16:36:33,227] {processor.py:653} WARNING - No viable dags retrieved from /opt/airflow/dags/s3_file_sensor.py
[2022-12-08 16:36:33,236] {processor.py:161} INFO - Processing /opt/airflow/dags/s3_file_sensor.py took 0.013 seconds
[2022-12-08 16:37:03,653] {processor.py:153} INFO - Started process (PID=2972) to work on /opt/airflow/dags/s3_file_sensor.py
[2022-12-08 16:37:03,654] {processor.py:641} INFO - Processing file /opt/airflow/dags/s3_file_sensor.py for tasks to queue
[2022-12-08 16:37:03,654] {logging_mixin.py:115} INFO - [2022-12-08 16:37:03,654] {dagbag.py:507} INFO - Filling up the DagBag from /opt/airflow/dags/s3_file_sensor.py
[2022-12-08 16:37:03,655] {processor.py:653} WARNING - No viable dags retrieved from /opt/airflow/dags/s3_file_sensor.py
[2022-12-08 16:37:03,665] {processor.py:161} INFO - Processing /opt/airflow/dags/s3_file_sensor.py took 0.014 seconds
[2022-12-08 16:37:34,210] {processor.py:153} INFO - Started process (PID=3050) to work on /opt/airflow/dags/s3_file_sensor.py
[2022-12-08 16:37:34,210] {processor.py:641} INFO - Processing file /opt/airflow/dags/s3_file_sensor.py for tasks to queue
[2022-12-08 16:37:34,210] {logging_mixin.py:115} INFO - [2022-12-08 16:37:34,210] {dagbag.py:507} INFO - Filling up the DagBag from /opt/airflow/dags/s3_file_sensor.py
[2022-12-08 16:37:34,211] {processor.py:653} WARNING - No viable dags retrieved from /opt/airflow/dags/s3_file_sensor.py
[2022-12-08 16:37:34,221] {processor.py:161} INFO - Processing /opt/airflow/dags/s3_file_sensor.py took 0.014 seconds
[2022-12-08 16:38:04,971] {processor.py:153} INFO - Started process (PID=3117) to work on /opt/airflow/dags/s3_file_sensor.py
[2022-12-08 16:38:04,971] {processor.py:641} INFO - Processing file /opt/airflow/dags/s3_file_sensor.py for tasks to queue
[2022-12-08 16:38:04,972] {logging_mixin.py:115} INFO - [2022-12-08 16:38:04,972] {dagbag.py:507} INFO - Filling up the DagBag from /opt/airflow/dags/s3_file_sensor.py
[2022-12-08 16:38:04,972] {processor.py:653} WARNING - No viable dags retrieved from /opt/airflow/dags/s3_file_sensor.py
[2022-12-08 16:38:04,982] {processor.py:161} INFO - Processing /opt/airflow/dags/s3_file_sensor.py took 0.014 seconds
[2022-12-08 16:38:35,479] {processor.py:153} INFO - Started process (PID=3193) to work on /opt/airflow/dags/s3_file_sensor.py
[2022-12-08 16:38:35,479] {processor.py:641} INFO - Processing file /opt/airflow/dags/s3_file_sensor.py for tasks to queue
[2022-12-08 16:38:35,479] {logging_mixin.py:115} INFO - [2022-12-08 16:38:35,479] {dagbag.py:507} INFO - Filling up the DagBag from /opt/airflow/dags/s3_file_sensor.py
[2022-12-08 16:38:35,480] {processor.py:653} WARNING - No viable dags retrieved from /opt/airflow/dags/s3_file_sensor.py
[2022-12-08 16:38:35,490] {processor.py:161} INFO - Processing /opt/airflow/dags/s3_file_sensor.py took 0.013 seconds
[2022-12-08 16:39:06,058] {processor.py:153} INFO - Started process (PID=3269) to work on /opt/airflow/dags/s3_file_sensor.py
[2022-12-08 16:39:06,059] {processor.py:641} INFO - Processing file /opt/airflow/dags/s3_file_sensor.py for tasks to queue
[2022-12-08 16:39:06,059] {logging_mixin.py:115} INFO - [2022-12-08 16:39:06,059] {dagbag.py:507} INFO - Filling up the DagBag from /opt/airflow/dags/s3_file_sensor.py
[2022-12-08 16:39:06,060] {processor.py:653} WARNING - No viable dags retrieved from /opt/airflow/dags/s3_file_sensor.py
[2022-12-08 16:39:06,070] {processor.py:161} INFO - Processing /opt/airflow/dags/s3_file_sensor.py took 0.014 seconds
[2022-12-08 16:39:36,581] {processor.py:153} INFO - Started process (PID=3336) to work on /opt/airflow/dags/s3_file_sensor.py
[2022-12-08 16:39:36,581] {processor.py:641} INFO - Processing file /opt/airflow/dags/s3_file_sensor.py for tasks to queue
[2022-12-08 16:39:36,582] {logging_mixin.py:115} INFO - [2022-12-08 16:39:36,582] {dagbag.py:507} INFO - Filling up the DagBag from /opt/airflow/dags/s3_file_sensor.py
[2022-12-08 16:39:36,582] {processor.py:653} WARNING - No viable dags retrieved from /opt/airflow/dags/s3_file_sensor.py
[2022-12-08 16:39:36,592] {processor.py:161} INFO - Processing /opt/airflow/dags/s3_file_sensor.py took 0.013 seconds
[2022-12-08 16:40:07,177] {processor.py:153} INFO - Started process (PID=3412) to work on /opt/airflow/dags/s3_file_sensor.py
[2022-12-08 16:40:07,177] {processor.py:641} INFO - Processing file /opt/airflow/dags/s3_file_sensor.py for tasks to queue
[2022-12-08 16:40:07,178] {logging_mixin.py:115} INFO - [2022-12-08 16:40:07,177] {dagbag.py:507} INFO - Filling up the DagBag from /opt/airflow/dags/s3_file_sensor.py
[2022-12-08 16:40:07,178] {processor.py:653} WARNING - No viable dags retrieved from /opt/airflow/dags/s3_file_sensor.py
[2022-12-08 16:40:07,188] {processor.py:161} INFO - Processing /opt/airflow/dags/s3_file_sensor.py took 0.013 seconds
[2022-12-08 16:40:37,635] {processor.py:153} INFO - Started process (PID=3488) to work on /opt/airflow/dags/s3_file_sensor.py
[2022-12-08 16:40:37,636] {processor.py:641} INFO - Processing file /opt/airflow/dags/s3_file_sensor.py for tasks to queue
[2022-12-08 16:40:37,636] {logging_mixin.py:115} INFO - [2022-12-08 16:40:37,636] {dagbag.py:507} INFO - Filling up the DagBag from /opt/airflow/dags/s3_file_sensor.py
[2022-12-08 16:40:37,637] {processor.py:653} WARNING - No viable dags retrieved from /opt/airflow/dags/s3_file_sensor.py
[2022-12-08 16:40:37,646] {processor.py:161} INFO - Processing /opt/airflow/dags/s3_file_sensor.py took 0.013 seconds
[2022-12-08 16:41:08,163] {processor.py:153} INFO - Started process (PID=3562) to work on /opt/airflow/dags/s3_file_sensor.py
[2022-12-08 16:41:08,163] {processor.py:641} INFO - Processing file /opt/airflow/dags/s3_file_sensor.py for tasks to queue
[2022-12-08 16:41:08,164] {logging_mixin.py:115} INFO - [2022-12-08 16:41:08,164] {dagbag.py:507} INFO - Filling up the DagBag from /opt/airflow/dags/s3_file_sensor.py
[2022-12-08 16:41:08,165] {processor.py:653} WARNING - No viable dags retrieved from /opt/airflow/dags/s3_file_sensor.py
[2022-12-08 16:41:08,174] {processor.py:161} INFO - Processing /opt/airflow/dags/s3_file_sensor.py took 0.014 seconds
[2022-12-08 16:41:38,580] {processor.py:153} INFO - Started process (PID=3631) to work on /opt/airflow/dags/s3_file_sensor.py
[2022-12-08 16:41:38,580] {processor.py:641} INFO - Processing file /opt/airflow/dags/s3_file_sensor.py for tasks to queue
[2022-12-08 16:41:38,580] {logging_mixin.py:115} INFO - [2022-12-08 16:41:38,580] {dagbag.py:507} INFO - Filling up the DagBag from /opt/airflow/dags/s3_file_sensor.py
[2022-12-08 16:41:38,581] {processor.py:653} WARNING - No viable dags retrieved from /opt/airflow/dags/s3_file_sensor.py
[2022-12-08 16:41:38,590] {processor.py:161} INFO - Processing /opt/airflow/dags/s3_file_sensor.py took 0.013 seconds
[2022-12-08 16:42:08,906] {processor.py:153} INFO - Started process (PID=3707) to work on /opt/airflow/dags/s3_file_sensor.py
[2022-12-08 16:42:08,907] {processor.py:641} INFO - Processing file /opt/airflow/dags/s3_file_sensor.py for tasks to queue
[2022-12-08 16:42:08,907] {logging_mixin.py:115} INFO - [2022-12-08 16:42:08,907] {dagbag.py:507} INFO - Filling up the DagBag from /opt/airflow/dags/s3_file_sensor.py
[2022-12-08 16:42:08,908] {processor.py:653} WARNING - No viable dags retrieved from /opt/airflow/dags/s3_file_sensor.py
[2022-12-08 16:42:08,918] {processor.py:161} INFO - Processing /opt/airflow/dags/s3_file_sensor.py took 0.014 seconds
[2022-12-08 16:42:39,256] {processor.py:153} INFO - Started process (PID=3783) to work on /opt/airflow/dags/s3_file_sensor.py
[2022-12-08 16:42:39,257] {processor.py:641} INFO - Processing file /opt/airflow/dags/s3_file_sensor.py for tasks to queue
[2022-12-08 16:42:39,257] {logging_mixin.py:115} INFO - [2022-12-08 16:42:39,257] {dagbag.py:507} INFO - Filling up the DagBag from /opt/airflow/dags/s3_file_sensor.py
[2022-12-08 16:42:39,258] {processor.py:653} WARNING - No viable dags retrieved from /opt/airflow/dags/s3_file_sensor.py
[2022-12-08 16:42:39,268] {processor.py:161} INFO - Processing /opt/airflow/dags/s3_file_sensor.py took 0.014 seconds
[2022-12-08 16:43:09,919] {processor.py:153} INFO - Started process (PID=3850) to work on /opt/airflow/dags/s3_file_sensor.py
[2022-12-08 16:43:09,920] {processor.py:641} INFO - Processing file /opt/airflow/dags/s3_file_sensor.py for tasks to queue
[2022-12-08 16:43:09,921] {logging_mixin.py:115} INFO - [2022-12-08 16:43:09,920] {dagbag.py:507} INFO - Filling up the DagBag from /opt/airflow/dags/s3_file_sensor.py
[2022-12-08 16:43:09,921] {processor.py:653} WARNING - No viable dags retrieved from /opt/airflow/dags/s3_file_sensor.py
[2022-12-08 16:43:09,931] {processor.py:161} INFO - Processing /opt/airflow/dags/s3_file_sensor.py took 0.014 seconds
[2022-12-08 16:43:40,299] {processor.py:153} INFO - Started process (PID=3926) to work on /opt/airflow/dags/s3_file_sensor.py
[2022-12-08 16:43:40,299] {processor.py:641} INFO - Processing file /opt/airflow/dags/s3_file_sensor.py for tasks to queue
[2022-12-08 16:43:40,300] {logging_mixin.py:115} INFO - [2022-12-08 16:43:40,300] {dagbag.py:507} INFO - Filling up the DagBag from /opt/airflow/dags/s3_file_sensor.py
[2022-12-08 16:43:40,300] {processor.py:653} WARNING - No viable dags retrieved from /opt/airflow/dags/s3_file_sensor.py
[2022-12-08 16:43:40,310] {processor.py:161} INFO - Processing /opt/airflow/dags/s3_file_sensor.py took 0.013 seconds
[2022-12-08 16:44:10,769] {processor.py:153} INFO - Started process (PID=4002) to work on /opt/airflow/dags/s3_file_sensor.py
[2022-12-08 16:44:10,769] {processor.py:641} INFO - Processing file /opt/airflow/dags/s3_file_sensor.py for tasks to queue
[2022-12-08 16:44:10,770] {logging_mixin.py:115} INFO - [2022-12-08 16:44:10,770] {dagbag.py:507} INFO - Filling up the DagBag from /opt/airflow/dags/s3_file_sensor.py
[2022-12-08 16:44:10,771] {processor.py:653} WARNING - No viable dags retrieved from /opt/airflow/dags/s3_file_sensor.py
[2022-12-08 16:44:10,780] {processor.py:161} INFO - Processing /opt/airflow/dags/s3_file_sensor.py took 0.013 seconds
[2022-12-08 16:44:41,255] {processor.py:153} INFO - Started process (PID=4069) to work on /opt/airflow/dags/s3_file_sensor.py
[2022-12-08 16:44:41,255] {processor.py:641} INFO - Processing file /opt/airflow/dags/s3_file_sensor.py for tasks to queue
[2022-12-08 16:44:41,256] {logging_mixin.py:115} INFO - [2022-12-08 16:44:41,255] {dagbag.py:507} INFO - Filling up the DagBag from /opt/airflow/dags/s3_file_sensor.py
[2022-12-08 16:44:41,256] {processor.py:653} WARNING - No viable dags retrieved from /opt/airflow/dags/s3_file_sensor.py
[2022-12-08 16:44:41,266] {processor.py:161} INFO - Processing /opt/airflow/dags/s3_file_sensor.py took 0.013 seconds
[2022-12-08 16:45:11,750] {processor.py:153} INFO - Started process (PID=4145) to work on /opt/airflow/dags/s3_file_sensor.py
[2022-12-08 16:45:11,751] {processor.py:641} INFO - Processing file /opt/airflow/dags/s3_file_sensor.py for tasks to queue
[2022-12-08 16:45:11,751] {logging_mixin.py:115} INFO - [2022-12-08 16:45:11,751] {dagbag.py:507} INFO - Filling up the DagBag from /opt/airflow/dags/s3_file_sensor.py
[2022-12-08 16:45:11,752] {processor.py:653} WARNING - No viable dags retrieved from /opt/airflow/dags/s3_file_sensor.py
[2022-12-08 16:45:11,761] {processor.py:161} INFO - Processing /opt/airflow/dags/s3_file_sensor.py took 0.014 seconds
[2022-12-08 16:45:42,373] {processor.py:153} INFO - Started process (PID=4221) to work on /opt/airflow/dags/s3_file_sensor.py
[2022-12-08 16:45:42,373] {processor.py:641} INFO - Processing file /opt/airflow/dags/s3_file_sensor.py for tasks to queue
[2022-12-08 16:45:42,373] {logging_mixin.py:115} INFO - [2022-12-08 16:45:42,373] {dagbag.py:507} INFO - Filling up the DagBag from /opt/airflow/dags/s3_file_sensor.py
[2022-12-08 16:45:42,374] {processor.py:653} WARNING - No viable dags retrieved from /opt/airflow/dags/s3_file_sensor.py
[2022-12-08 16:45:42,384] {processor.py:161} INFO - Processing /opt/airflow/dags/s3_file_sensor.py took 0.014 seconds
[2022-12-08 16:46:12,887] {processor.py:153} INFO - Started process (PID=4297) to work on /opt/airflow/dags/s3_file_sensor.py
[2022-12-08 16:46:12,888] {processor.py:641} INFO - Processing file /opt/airflow/dags/s3_file_sensor.py for tasks to queue
[2022-12-08 16:46:12,888] {logging_mixin.py:115} INFO - [2022-12-08 16:46:12,888] {dagbag.py:507} INFO - Filling up the DagBag from /opt/airflow/dags/s3_file_sensor.py
[2022-12-08 16:46:12,889] {processor.py:653} WARNING - No viable dags retrieved from /opt/airflow/dags/s3_file_sensor.py
[2022-12-08 16:46:12,899] {processor.py:161} INFO - Processing /opt/airflow/dags/s3_file_sensor.py took 0.014 seconds
[2022-12-08 16:46:43,613] {processor.py:153} INFO - Started process (PID=4364) to work on /opt/airflow/dags/s3_file_sensor.py
[2022-12-08 16:46:43,613] {processor.py:641} INFO - Processing file /opt/airflow/dags/s3_file_sensor.py for tasks to queue
[2022-12-08 16:46:43,614] {logging_mixin.py:115} INFO - [2022-12-08 16:46:43,614] {dagbag.py:507} INFO - Filling up the DagBag from /opt/airflow/dags/s3_file_sensor.py
[2022-12-08 16:46:43,614] {processor.py:653} WARNING - No viable dags retrieved from /opt/airflow/dags/s3_file_sensor.py
[2022-12-08 16:46:43,624] {processor.py:161} INFO - Processing /opt/airflow/dags/s3_file_sensor.py took 0.013 seconds
[2022-12-08 16:47:13,937] {processor.py:153} INFO - Started process (PID=4440) to work on /opt/airflow/dags/s3_file_sensor.py
[2022-12-08 16:47:13,938] {processor.py:641} INFO - Processing file /opt/airflow/dags/s3_file_sensor.py for tasks to queue
[2022-12-08 16:47:13,938] {logging_mixin.py:115} INFO - [2022-12-08 16:47:13,938] {dagbag.py:507} INFO - Filling up the DagBag from /opt/airflow/dags/s3_file_sensor.py
[2022-12-08 16:47:13,939] {processor.py:653} WARNING - No viable dags retrieved from /opt/airflow/dags/s3_file_sensor.py
[2022-12-08 16:47:13,948] {processor.py:161} INFO - Processing /opt/airflow/dags/s3_file_sensor.py took 0.014 seconds
[2022-12-08 16:47:44,351] {processor.py:153} INFO - Started process (PID=4516) to work on /opt/airflow/dags/s3_file_sensor.py
[2022-12-08 16:47:44,351] {processor.py:641} INFO - Processing file /opt/airflow/dags/s3_file_sensor.py for tasks to queue
[2022-12-08 16:47:44,352] {logging_mixin.py:115} INFO - [2022-12-08 16:47:44,352] {dagbag.py:507} INFO - Filling up the DagBag from /opt/airflow/dags/s3_file_sensor.py
[2022-12-08 16:47:44,352] {processor.py:653} WARNING - No viable dags retrieved from /opt/airflow/dags/s3_file_sensor.py
[2022-12-08 16:47:44,362] {processor.py:161} INFO - Processing /opt/airflow/dags/s3_file_sensor.py took 0.013 seconds
[2022-12-08 16:48:15,114] {processor.py:153} INFO - Started process (PID=4565) to work on /opt/airflow/dags/s3_file_sensor.py
[2022-12-08 16:48:15,115] {processor.py:641} INFO - Processing file /opt/airflow/dags/s3_file_sensor.py for tasks to queue
[2022-12-08 16:48:15,116] {logging_mixin.py:115} INFO - [2022-12-08 16:48:15,115] {dagbag.py:507} INFO - Filling up the DagBag from /opt/airflow/dags/s3_file_sensor.py
[2022-12-08 16:48:15,116] {processor.py:653} WARNING - No viable dags retrieved from /opt/airflow/dags/s3_file_sensor.py
[2022-12-08 16:48:15,126] {processor.py:161} INFO - Processing /opt/airflow/dags/s3_file_sensor.py took 0.014 seconds
[2022-12-08 16:48:46,747] {processor.py:153} INFO - Started process (PID=4641) to work on /opt/airflow/dags/s3_file_sensor.py
[2022-12-08 16:48:46,748] {processor.py:641} INFO - Processing file /opt/airflow/dags/s3_file_sensor.py for tasks to queue
[2022-12-08 16:48:46,748] {logging_mixin.py:115} INFO - [2022-12-08 16:48:46,748] {dagbag.py:507} INFO - Filling up the DagBag from /opt/airflow/dags/s3_file_sensor.py
[2022-12-08 16:48:46,749] {processor.py:653} WARNING - No viable dags retrieved from /opt/airflow/dags/s3_file_sensor.py
[2022-12-08 16:48:46,759] {processor.py:161} INFO - Processing /opt/airflow/dags/s3_file_sensor.py took 0.014 seconds
[2022-12-08 16:49:16,980] {processor.py:153} INFO - Started process (PID=4708) to work on /opt/airflow/dags/s3_file_sensor.py
[2022-12-08 16:49:16,981] {processor.py:641} INFO - Processing file /opt/airflow/dags/s3_file_sensor.py for tasks to queue
[2022-12-08 16:49:16,981] {logging_mixin.py:115} INFO - [2022-12-08 16:49:16,981] {dagbag.py:507} INFO - Filling up the DagBag from /opt/airflow/dags/s3_file_sensor.py
[2022-12-08 16:49:16,982] {processor.py:653} WARNING - No viable dags retrieved from /opt/airflow/dags/s3_file_sensor.py
[2022-12-08 16:49:16,991] {processor.py:161} INFO - Processing /opt/airflow/dags/s3_file_sensor.py took 0.013 seconds
[2022-12-08 16:49:47,302] {processor.py:153} INFO - Started process (PID=4771) to work on /opt/airflow/dags/s3_file_sensor.py
[2022-12-08 16:49:47,302] {processor.py:641} INFO - Processing file /opt/airflow/dags/s3_file_sensor.py for tasks to queue
[2022-12-08 16:49:47,303] {logging_mixin.py:115} INFO - [2022-12-08 16:49:47,303] {dagbag.py:507} INFO - Filling up the DagBag from /opt/airflow/dags/s3_file_sensor.py
[2022-12-08 16:49:47,303] {processor.py:653} WARNING - No viable dags retrieved from /opt/airflow/dags/s3_file_sensor.py
[2022-12-08 16:49:47,313] {processor.py:161} INFO - Processing /opt/airflow/dags/s3_file_sensor.py took 0.014 seconds
[2022-12-08 16:50:17,844] {processor.py:153} INFO - Started process (PID=4838) to work on /opt/airflow/dags/s3_file_sensor.py
[2022-12-08 16:50:17,844] {processor.py:641} INFO - Processing file /opt/airflow/dags/s3_file_sensor.py for tasks to queue
[2022-12-08 16:50:17,845] {logging_mixin.py:115} INFO - [2022-12-08 16:50:17,845] {dagbag.py:507} INFO - Filling up the DagBag from /opt/airflow/dags/s3_file_sensor.py
[2022-12-08 16:50:17,846] {processor.py:653} WARNING - No viable dags retrieved from /opt/airflow/dags/s3_file_sensor.py
[2022-12-08 16:50:17,855] {processor.py:161} INFO - Processing /opt/airflow/dags/s3_file_sensor.py took 0.014 seconds
[2022-12-08 16:50:48,715] {processor.py:153} INFO - Started process (PID=4914) to work on /opt/airflow/dags/s3_file_sensor.py
[2022-12-08 16:50:48,716] {processor.py:641} INFO - Processing file /opt/airflow/dags/s3_file_sensor.py for tasks to queue
[2022-12-08 16:50:48,716] {logging_mixin.py:115} INFO - [2022-12-08 16:50:48,716] {dagbag.py:507} INFO - Filling up the DagBag from /opt/airflow/dags/s3_file_sensor.py
[2022-12-08 16:50:48,717] {processor.py:653} WARNING - No viable dags retrieved from /opt/airflow/dags/s3_file_sensor.py
[2022-12-08 16:50:48,726] {processor.py:161} INFO - Processing /opt/airflow/dags/s3_file_sensor.py took 0.013 seconds
[2022-12-08 16:51:19,520] {processor.py:153} INFO - Started process (PID=4990) to work on /opt/airflow/dags/s3_file_sensor.py
[2022-12-08 16:51:19,521] {processor.py:641} INFO - Processing file /opt/airflow/dags/s3_file_sensor.py for tasks to queue
[2022-12-08 16:51:19,521] {logging_mixin.py:115} INFO - [2022-12-08 16:51:19,521] {dagbag.py:507} INFO - Filling up the DagBag from /opt/airflow/dags/s3_file_sensor.py
[2022-12-08 16:51:19,522] {processor.py:653} WARNING - No viable dags retrieved from /opt/airflow/dags/s3_file_sensor.py
[2022-12-08 16:51:19,532] {processor.py:161} INFO - Processing /opt/airflow/dags/s3_file_sensor.py took 0.014 seconds
[2022-12-08 16:51:50,217] {processor.py:153} INFO - Started process (PID=5057) to work on /opt/airflow/dags/s3_file_sensor.py
[2022-12-08 16:51:50,218] {processor.py:641} INFO - Processing file /opt/airflow/dags/s3_file_sensor.py for tasks to queue
[2022-12-08 16:51:50,218] {logging_mixin.py:115} INFO - [2022-12-08 16:51:50,218] {dagbag.py:507} INFO - Filling up the DagBag from /opt/airflow/dags/s3_file_sensor.py
[2022-12-08 16:51:50,219] {processor.py:653} WARNING - No viable dags retrieved from /opt/airflow/dags/s3_file_sensor.py
[2022-12-08 16:51:50,228] {processor.py:161} INFO - Processing /opt/airflow/dags/s3_file_sensor.py took 0.014 seconds
[2022-12-08 16:52:21,089] {processor.py:153} INFO - Started process (PID=5133) to work on /opt/airflow/dags/s3_file_sensor.py
[2022-12-08 16:52:21,089] {processor.py:641} INFO - Processing file /opt/airflow/dags/s3_file_sensor.py for tasks to queue
[2022-12-08 16:52:21,089] {logging_mixin.py:115} INFO - [2022-12-08 16:52:21,089] {dagbag.py:507} INFO - Filling up the DagBag from /opt/airflow/dags/s3_file_sensor.py
[2022-12-08 16:52:21,090] {processor.py:653} WARNING - No viable dags retrieved from /opt/airflow/dags/s3_file_sensor.py
[2022-12-08 16:52:21,100] {processor.py:161} INFO - Processing /opt/airflow/dags/s3_file_sensor.py took 0.014 seconds
[2022-12-08 16:52:51,858] {processor.py:153} INFO - Started process (PID=5209) to work on /opt/airflow/dags/s3_file_sensor.py
[2022-12-08 16:52:51,859] {processor.py:641} INFO - Processing file /opt/airflow/dags/s3_file_sensor.py for tasks to queue
[2022-12-08 16:52:51,859] {logging_mixin.py:115} INFO - [2022-12-08 16:52:51,859] {dagbag.py:507} INFO - Filling up the DagBag from /opt/airflow/dags/s3_file_sensor.py
[2022-12-08 16:52:51,860] {processor.py:653} WARNING - No viable dags retrieved from /opt/airflow/dags/s3_file_sensor.py
[2022-12-08 16:52:51,869] {processor.py:161} INFO - Processing /opt/airflow/dags/s3_file_sensor.py took 0.013 seconds
[2022-12-08 16:53:22,699] {processor.py:153} INFO - Started process (PID=5285) to work on /opt/airflow/dags/s3_file_sensor.py
[2022-12-08 16:53:22,700] {processor.py:641} INFO - Processing file /opt/airflow/dags/s3_file_sensor.py for tasks to queue
[2022-12-08 16:53:22,700] {logging_mixin.py:115} INFO - [2022-12-08 16:53:22,700] {dagbag.py:507} INFO - Filling up the DagBag from /opt/airflow/dags/s3_file_sensor.py
[2022-12-08 16:53:22,701] {processor.py:653} WARNING - No viable dags retrieved from /opt/airflow/dags/s3_file_sensor.py
[2022-12-08 16:53:22,710] {processor.py:161} INFO - Processing /opt/airflow/dags/s3_file_sensor.py took 0.013 seconds
