[2022-12-08 16:35:01,564] {processor.py:153} INFO - Started process (PID=2663) to work on /opt/airflow/dags/s3_file_sensor2 copy.py
[2022-12-08 16:35:01,564] {processor.py:641} INFO - Processing file /opt/airflow/dags/s3_file_sensor2 copy.py for tasks to queue
[2022-12-08 16:35:01,564] {logging_mixin.py:115} INFO - [2022-12-08 16:35:01,564] {dagbag.py:507} INFO - Filling up the DagBag from /opt/airflow/dags/s3_file_sensor2 copy.py
[2022-12-08 16:35:01,642] {processor.py:651} INFO - DAG(s) dict_keys(['second_test_s3_file_sensor']) retrieved from /opt/airflow/dags/s3_file_sensor2 copy.py
[2022-12-08 16:35:01,695] {logging_mixin.py:115} INFO - [2022-12-08 16:35:01,695] {dag.py:2371} INFO - Sync 1 DAGs
[2022-12-08 16:35:01,711] {logging_mixin.py:115} INFO - [2022-12-08 16:35:01,711] {dag.py:2919} INFO - Setting next_dagrun for second_test_s3_file_sensor to 2022-12-07T00:00:00+00:00, run_after=2022-12-08T00:00:00+00:00
[2022-12-08 16:35:01,722] {processor.py:161} INFO - Processing /opt/airflow/dags/s3_file_sensor2 copy.py took 0.160 seconds
[2022-12-08 16:35:32,105] {processor.py:153} INFO - Started process (PID=2743) to work on /opt/airflow/dags/s3_file_sensor2 copy.py
[2022-12-08 16:35:32,105] {processor.py:641} INFO - Processing file /opt/airflow/dags/s3_file_sensor2 copy.py for tasks to queue
[2022-12-08 16:35:32,106] {logging_mixin.py:115} INFO - [2022-12-08 16:35:32,106] {dagbag.py:507} INFO - Filling up the DagBag from /opt/airflow/dags/s3_file_sensor2 copy.py
[2022-12-08 16:35:32,182] {processor.py:651} INFO - DAG(s) dict_keys(['second_test_s3_file_sensor']) retrieved from /opt/airflow/dags/s3_file_sensor2 copy.py
[2022-12-08 16:35:32,201] {logging_mixin.py:115} INFO - [2022-12-08 16:35:32,201] {dag.py:2371} INFO - Sync 1 DAGs
[2022-12-08 16:35:32,225] {processor.py:161} INFO - Processing /opt/airflow/dags/s3_file_sensor2 copy.py took 0.123 seconds
[2022-12-08 16:36:02,665] {processor.py:153} INFO - Started process (PID=2814) to work on /opt/airflow/dags/s3_file_sensor2 copy.py
[2022-12-08 16:36:02,666] {processor.py:641} INFO - Processing file /opt/airflow/dags/s3_file_sensor2 copy.py for tasks to queue
[2022-12-08 16:36:02,666] {logging_mixin.py:115} INFO - [2022-12-08 16:36:02,666] {dagbag.py:507} INFO - Filling up the DagBag from /opt/airflow/dags/s3_file_sensor2 copy.py
[2022-12-08 16:36:02,743] {processor.py:651} INFO - DAG(s) dict_keys(['second_test_s3_file_sensor']) retrieved from /opt/airflow/dags/s3_file_sensor2 copy.py
[2022-12-08 16:36:02,762] {logging_mixin.py:115} INFO - [2022-12-08 16:36:02,762] {dag.py:2371} INFO - Sync 1 DAGs
[2022-12-08 16:36:02,794] {processor.py:161} INFO - Processing /opt/airflow/dags/s3_file_sensor2 copy.py took 0.131 seconds
[2022-12-08 16:36:33,159] {processor.py:153} INFO - Started process (PID=2893) to work on /opt/airflow/dags/s3_file_sensor2 copy.py
[2022-12-08 16:36:33,159] {processor.py:641} INFO - Processing file /opt/airflow/dags/s3_file_sensor2 copy.py for tasks to queue
[2022-12-08 16:36:33,159] {logging_mixin.py:115} INFO - [2022-12-08 16:36:33,159] {dagbag.py:507} INFO - Filling up the DagBag from /opt/airflow/dags/s3_file_sensor2 copy.py
[2022-12-08 16:36:33,235] {processor.py:651} INFO - DAG(s) dict_keys(['second_test_s3_file_sensor']) retrieved from /opt/airflow/dags/s3_file_sensor2 copy.py
[2022-12-08 16:36:33,254] {logging_mixin.py:115} INFO - [2022-12-08 16:36:33,254] {dag.py:2371} INFO - Sync 1 DAGs
[2022-12-08 16:36:33,278] {processor.py:161} INFO - Processing /opt/airflow/dags/s3_file_sensor2 copy.py took 0.121 seconds
[2022-12-08 16:37:03,595] {processor.py:153} INFO - Started process (PID=2971) to work on /opt/airflow/dags/s3_file_sensor2 copy.py
[2022-12-08 16:37:03,595] {processor.py:641} INFO - Processing file /opt/airflow/dags/s3_file_sensor2 copy.py for tasks to queue
[2022-12-08 16:37:03,595] {logging_mixin.py:115} INFO - [2022-12-08 16:37:03,595] {dagbag.py:507} INFO - Filling up the DagBag from /opt/airflow/dags/s3_file_sensor2 copy.py
[2022-12-08 16:37:03,671] {processor.py:651} INFO - DAG(s) dict_keys(['second_test_s3_file_sensor']) retrieved from /opt/airflow/dags/s3_file_sensor2 copy.py
[2022-12-08 16:37:03,690] {logging_mixin.py:115} INFO - [2022-12-08 16:37:03,690] {dag.py:2371} INFO - Sync 1 DAGs
[2022-12-08 16:37:03,715] {processor.py:161} INFO - Processing /opt/airflow/dags/s3_file_sensor2 copy.py took 0.123 seconds
[2022-12-08 16:37:34,150] {processor.py:153} INFO - Started process (PID=3049) to work on /opt/airflow/dags/s3_file_sensor2 copy.py
[2022-12-08 16:37:34,151] {processor.py:641} INFO - Processing file /opt/airflow/dags/s3_file_sensor2 copy.py for tasks to queue
[2022-12-08 16:37:34,151] {logging_mixin.py:115} INFO - [2022-12-08 16:37:34,151] {dagbag.py:507} INFO - Filling up the DagBag from /opt/airflow/dags/s3_file_sensor2 copy.py
[2022-12-08 16:37:34,228] {processor.py:651} INFO - DAG(s) dict_keys(['second_test_s3_file_sensor']) retrieved from /opt/airflow/dags/s3_file_sensor2 copy.py
[2022-12-08 16:37:34,247] {logging_mixin.py:115} INFO - [2022-12-08 16:37:34,247] {dag.py:2371} INFO - Sync 1 DAGs
[2022-12-08 16:37:34,272] {processor.py:161} INFO - Processing /opt/airflow/dags/s3_file_sensor2 copy.py took 0.124 seconds
[2022-12-08 16:38:04,912] {processor.py:153} INFO - Started process (PID=3116) to work on /opt/airflow/dags/s3_file_sensor2 copy.py
[2022-12-08 16:38:04,912] {processor.py:641} INFO - Processing file /opt/airflow/dags/s3_file_sensor2 copy.py for tasks to queue
[2022-12-08 16:38:04,913] {logging_mixin.py:115} INFO - [2022-12-08 16:38:04,912] {dagbag.py:507} INFO - Filling up the DagBag from /opt/airflow/dags/s3_file_sensor2 copy.py
[2022-12-08 16:38:04,988] {processor.py:651} INFO - DAG(s) dict_keys(['second_test_s3_file_sensor']) retrieved from /opt/airflow/dags/s3_file_sensor2 copy.py
[2022-12-08 16:38:05,007] {logging_mixin.py:115} INFO - [2022-12-08 16:38:05,007] {dag.py:2371} INFO - Sync 1 DAGs
[2022-12-08 16:38:05,031] {processor.py:161} INFO - Processing /opt/airflow/dags/s3_file_sensor2 copy.py took 0.122 seconds
[2022-12-08 16:38:35,421] {processor.py:153} INFO - Started process (PID=3192) to work on /opt/airflow/dags/s3_file_sensor2 copy.py
[2022-12-08 16:38:35,421] {processor.py:641} INFO - Processing file /opt/airflow/dags/s3_file_sensor2 copy.py for tasks to queue
[2022-12-08 16:38:35,422] {logging_mixin.py:115} INFO - [2022-12-08 16:38:35,422] {dagbag.py:507} INFO - Filling up the DagBag from /opt/airflow/dags/s3_file_sensor2 copy.py
[2022-12-08 16:38:35,497] {processor.py:651} INFO - DAG(s) dict_keys(['second_test_s3_file_sensor']) retrieved from /opt/airflow/dags/s3_file_sensor2 copy.py
[2022-12-08 16:38:35,516] {logging_mixin.py:115} INFO - [2022-12-08 16:38:35,516] {dag.py:2371} INFO - Sync 1 DAGs
[2022-12-08 16:38:35,540] {processor.py:161} INFO - Processing /opt/airflow/dags/s3_file_sensor2 copy.py took 0.122 seconds
[2022-12-08 16:39:05,999] {processor.py:153} INFO - Started process (PID=3268) to work on /opt/airflow/dags/s3_file_sensor2 copy.py
[2022-12-08 16:39:05,999] {processor.py:641} INFO - Processing file /opt/airflow/dags/s3_file_sensor2 copy.py for tasks to queue
[2022-12-08 16:39:06,000] {logging_mixin.py:115} INFO - [2022-12-08 16:39:06,000] {dagbag.py:507} INFO - Filling up the DagBag from /opt/airflow/dags/s3_file_sensor2 copy.py
[2022-12-08 16:39:06,076] {processor.py:651} INFO - DAG(s) dict_keys(['second_test_s3_file_sensor']) retrieved from /opt/airflow/dags/s3_file_sensor2 copy.py
[2022-12-08 16:39:06,095] {logging_mixin.py:115} INFO - [2022-12-08 16:39:06,095] {dag.py:2371} INFO - Sync 1 DAGs
[2022-12-08 16:39:06,119] {processor.py:161} INFO - Processing /opt/airflow/dags/s3_file_sensor2 copy.py took 0.122 seconds
[2022-12-08 16:39:36,522] {processor.py:153} INFO - Started process (PID=3335) to work on /opt/airflow/dags/s3_file_sensor2 copy.py
[2022-12-08 16:39:36,523] {processor.py:641} INFO - Processing file /opt/airflow/dags/s3_file_sensor2 copy.py for tasks to queue
[2022-12-08 16:39:36,523] {logging_mixin.py:115} INFO - [2022-12-08 16:39:36,523] {dagbag.py:507} INFO - Filling up the DagBag from /opt/airflow/dags/s3_file_sensor2 copy.py
[2022-12-08 16:39:36,599] {processor.py:651} INFO - DAG(s) dict_keys(['second_test_s3_file_sensor']) retrieved from /opt/airflow/dags/s3_file_sensor2 copy.py
[2022-12-08 16:39:36,618] {logging_mixin.py:115} INFO - [2022-12-08 16:39:36,618] {dag.py:2371} INFO - Sync 1 DAGs
[2022-12-08 16:39:36,642] {processor.py:161} INFO - Processing /opt/airflow/dags/s3_file_sensor2 copy.py took 0.122 seconds
[2022-12-08 16:40:07,117] {processor.py:153} INFO - Started process (PID=3411) to work on /opt/airflow/dags/s3_file_sensor2 copy.py
[2022-12-08 16:40:07,117] {processor.py:641} INFO - Processing file /opt/airflow/dags/s3_file_sensor2 copy.py for tasks to queue
[2022-12-08 16:40:07,118] {logging_mixin.py:115} INFO - [2022-12-08 16:40:07,117] {dagbag.py:507} INFO - Filling up the DagBag from /opt/airflow/dags/s3_file_sensor2 copy.py
[2022-12-08 16:40:07,192] {processor.py:651} INFO - DAG(s) dict_keys(['second_test_s3_file_sensor']) retrieved from /opt/airflow/dags/s3_file_sensor2 copy.py
[2022-12-08 16:40:07,211] {logging_mixin.py:115} INFO - [2022-12-08 16:40:07,211] {dag.py:2371} INFO - Sync 1 DAGs
[2022-12-08 16:40:07,234] {processor.py:161} INFO - Processing /opt/airflow/dags/s3_file_sensor2 copy.py took 0.120 seconds
[2022-12-08 16:40:37,576] {processor.py:153} INFO - Started process (PID=3487) to work on /opt/airflow/dags/s3_file_sensor2 copy.py
[2022-12-08 16:40:37,577] {processor.py:641} INFO - Processing file /opt/airflow/dags/s3_file_sensor2 copy.py for tasks to queue
[2022-12-08 16:40:37,577] {logging_mixin.py:115} INFO - [2022-12-08 16:40:37,577] {dagbag.py:507} INFO - Filling up the DagBag from /opt/airflow/dags/s3_file_sensor2 copy.py
[2022-12-08 16:40:37,651] {processor.py:651} INFO - DAG(s) dict_keys(['second_test_s3_file_sensor']) retrieved from /opt/airflow/dags/s3_file_sensor2 copy.py
[2022-12-08 16:40:37,670] {logging_mixin.py:115} INFO - [2022-12-08 16:40:37,670] {dag.py:2371} INFO - Sync 1 DAGs
[2022-12-08 16:40:37,693] {processor.py:161} INFO - Processing /opt/airflow/dags/s3_file_sensor2 copy.py took 0.120 seconds
[2022-12-08 16:41:08,105] {processor.py:153} INFO - Started process (PID=3561) to work on /opt/airflow/dags/s3_file_sensor2 copy.py
[2022-12-08 16:41:08,105] {processor.py:641} INFO - Processing file /opt/airflow/dags/s3_file_sensor2 copy.py for tasks to queue
[2022-12-08 16:41:08,106] {logging_mixin.py:115} INFO - [2022-12-08 16:41:08,106] {dagbag.py:507} INFO - Filling up the DagBag from /opt/airflow/dags/s3_file_sensor2 copy.py
[2022-12-08 16:41:08,181] {processor.py:651} INFO - DAG(s) dict_keys(['second_test_s3_file_sensor']) retrieved from /opt/airflow/dags/s3_file_sensor2 copy.py
[2022-12-08 16:41:08,200] {logging_mixin.py:115} INFO - [2022-12-08 16:41:08,200] {dag.py:2371} INFO - Sync 1 DAGs
[2022-12-08 16:41:08,224] {processor.py:161} INFO - Processing /opt/airflow/dags/s3_file_sensor2 copy.py took 0.122 seconds
[2022-12-08 16:41:38,519] {processor.py:153} INFO - Started process (PID=3630) to work on /opt/airflow/dags/s3_file_sensor2 copy.py
[2022-12-08 16:41:38,520] {processor.py:641} INFO - Processing file /opt/airflow/dags/s3_file_sensor2 copy.py for tasks to queue
[2022-12-08 16:41:38,520] {logging_mixin.py:115} INFO - [2022-12-08 16:41:38,520] {dagbag.py:507} INFO - Filling up the DagBag from /opt/airflow/dags/s3_file_sensor2 copy.py
[2022-12-08 16:41:38,595] {processor.py:651} INFO - DAG(s) dict_keys(['second_test_s3_file_sensor']) retrieved from /opt/airflow/dags/s3_file_sensor2 copy.py
[2022-12-08 16:41:38,614] {logging_mixin.py:115} INFO - [2022-12-08 16:41:38,614] {dag.py:2371} INFO - Sync 1 DAGs
[2022-12-08 16:41:38,637] {processor.py:161} INFO - Processing /opt/airflow/dags/s3_file_sensor2 copy.py took 0.120 seconds
[2022-12-08 16:42:08,847] {processor.py:153} INFO - Started process (PID=3706) to work on /opt/airflow/dags/s3_file_sensor2 copy.py
[2022-12-08 16:42:08,848] {processor.py:641} INFO - Processing file /opt/airflow/dags/s3_file_sensor2 copy.py for tasks to queue
[2022-12-08 16:42:08,848] {logging_mixin.py:115} INFO - [2022-12-08 16:42:08,848] {dagbag.py:507} INFO - Filling up the DagBag from /opt/airflow/dags/s3_file_sensor2 copy.py
[2022-12-08 16:42:08,922] {processor.py:651} INFO - DAG(s) dict_keys(['second_test_s3_file_sensor']) retrieved from /opt/airflow/dags/s3_file_sensor2 copy.py
[2022-12-08 16:42:08,942] {logging_mixin.py:115} INFO - [2022-12-08 16:42:08,942] {dag.py:2371} INFO - Sync 1 DAGs
[2022-12-08 16:42:08,964] {processor.py:161} INFO - Processing /opt/airflow/dags/s3_file_sensor2 copy.py took 0.119 seconds
[2022-12-08 16:42:39,195] {processor.py:153} INFO - Started process (PID=3782) to work on /opt/airflow/dags/s3_file_sensor2 copy.py
[2022-12-08 16:42:39,195] {processor.py:641} INFO - Processing file /opt/airflow/dags/s3_file_sensor2 copy.py for tasks to queue
[2022-12-08 16:42:39,196] {logging_mixin.py:115} INFO - [2022-12-08 16:42:39,196] {dagbag.py:507} INFO - Filling up the DagBag from /opt/airflow/dags/s3_file_sensor2 copy.py
[2022-12-08 16:42:39,273] {processor.py:651} INFO - DAG(s) dict_keys(['second_test_s3_file_sensor']) retrieved from /opt/airflow/dags/s3_file_sensor2 copy.py
[2022-12-08 16:42:39,293] {logging_mixin.py:115} INFO - [2022-12-08 16:42:39,293] {dag.py:2371} INFO - Sync 1 DAGs
[2022-12-08 16:42:39,318] {processor.py:161} INFO - Processing /opt/airflow/dags/s3_file_sensor2 copy.py took 0.126 seconds
[2022-12-08 16:43:09,861] {processor.py:153} INFO - Started process (PID=3849) to work on /opt/airflow/dags/s3_file_sensor2 copy.py
[2022-12-08 16:43:09,861] {processor.py:641} INFO - Processing file /opt/airflow/dags/s3_file_sensor2 copy.py for tasks to queue
[2022-12-08 16:43:09,861] {logging_mixin.py:115} INFO - [2022-12-08 16:43:09,861] {dagbag.py:507} INFO - Filling up the DagBag from /opt/airflow/dags/s3_file_sensor2 copy.py
[2022-12-08 16:43:09,936] {processor.py:651} INFO - DAG(s) dict_keys(['second_test_s3_file_sensor']) retrieved from /opt/airflow/dags/s3_file_sensor2 copy.py
[2022-12-08 16:43:09,955] {logging_mixin.py:115} INFO - [2022-12-08 16:43:09,955] {dag.py:2371} INFO - Sync 1 DAGs
[2022-12-08 16:43:09,978] {processor.py:161} INFO - Processing /opt/airflow/dags/s3_file_sensor2 copy.py took 0.120 seconds
[2022-12-08 16:43:40,240] {processor.py:153} INFO - Started process (PID=3925) to work on /opt/airflow/dags/s3_file_sensor2 copy.py
[2022-12-08 16:43:40,241] {processor.py:641} INFO - Processing file /opt/airflow/dags/s3_file_sensor2 copy.py for tasks to queue
[2022-12-08 16:43:40,241] {logging_mixin.py:115} INFO - [2022-12-08 16:43:40,241] {dagbag.py:507} INFO - Filling up the DagBag from /opt/airflow/dags/s3_file_sensor2 copy.py
[2022-12-08 16:43:40,316] {processor.py:651} INFO - DAG(s) dict_keys(['second_test_s3_file_sensor']) retrieved from /opt/airflow/dags/s3_file_sensor2 copy.py
[2022-12-08 16:43:40,336] {logging_mixin.py:115} INFO - [2022-12-08 16:43:40,335] {dag.py:2371} INFO - Sync 1 DAGs
[2022-12-08 16:43:40,359] {processor.py:161} INFO - Processing /opt/airflow/dags/s3_file_sensor2 copy.py took 0.121 seconds
[2022-12-08 16:44:10,709] {processor.py:153} INFO - Started process (PID=4001) to work on /opt/airflow/dags/s3_file_sensor2 copy.py
[2022-12-08 16:44:10,710] {processor.py:641} INFO - Processing file /opt/airflow/dags/s3_file_sensor2 copy.py for tasks to queue
[2022-12-08 16:44:10,710] {logging_mixin.py:115} INFO - [2022-12-08 16:44:10,710] {dagbag.py:507} INFO - Filling up the DagBag from /opt/airflow/dags/s3_file_sensor2 copy.py
[2022-12-08 16:44:10,784] {processor.py:651} INFO - DAG(s) dict_keys(['second_test_s3_file_sensor']) retrieved from /opt/airflow/dags/s3_file_sensor2 copy.py
[2022-12-08 16:44:10,804] {logging_mixin.py:115} INFO - [2022-12-08 16:44:10,804] {dag.py:2371} INFO - Sync 1 DAGs
[2022-12-08 16:44:10,827] {processor.py:161} INFO - Processing /opt/airflow/dags/s3_file_sensor2 copy.py took 0.120 seconds
[2022-12-08 16:44:41,195] {processor.py:153} INFO - Started process (PID=4068) to work on /opt/airflow/dags/s3_file_sensor2 copy.py
[2022-12-08 16:44:41,196] {processor.py:641} INFO - Processing file /opt/airflow/dags/s3_file_sensor2 copy.py for tasks to queue
[2022-12-08 16:44:41,196] {logging_mixin.py:115} INFO - [2022-12-08 16:44:41,196] {dagbag.py:507} INFO - Filling up the DagBag from /opt/airflow/dags/s3_file_sensor2 copy.py
[2022-12-08 16:44:41,271] {processor.py:651} INFO - DAG(s) dict_keys(['second_test_s3_file_sensor']) retrieved from /opt/airflow/dags/s3_file_sensor2 copy.py
[2022-12-08 16:44:41,290] {logging_mixin.py:115} INFO - [2022-12-08 16:44:41,290] {dag.py:2371} INFO - Sync 1 DAGs
[2022-12-08 16:44:41,313] {processor.py:161} INFO - Processing /opt/airflow/dags/s3_file_sensor2 copy.py took 0.120 seconds
[2022-12-08 16:45:11,691] {processor.py:153} INFO - Started process (PID=4144) to work on /opt/airflow/dags/s3_file_sensor2 copy.py
[2022-12-08 16:45:11,691] {processor.py:641} INFO - Processing file /opt/airflow/dags/s3_file_sensor2 copy.py for tasks to queue
[2022-12-08 16:45:11,691] {logging_mixin.py:115} INFO - [2022-12-08 16:45:11,691] {dagbag.py:507} INFO - Filling up the DagBag from /opt/airflow/dags/s3_file_sensor2 copy.py
[2022-12-08 16:45:11,765] {processor.py:651} INFO - DAG(s) dict_keys(['second_test_s3_file_sensor']) retrieved from /opt/airflow/dags/s3_file_sensor2 copy.py
[2022-12-08 16:45:11,785] {logging_mixin.py:115} INFO - [2022-12-08 16:45:11,785] {dag.py:2371} INFO - Sync 1 DAGs
[2022-12-08 16:45:11,802] {logging_mixin.py:115} INFO - [2022-12-08 16:45:11,802] {dag.py:2919} INFO - Setting next_dagrun for second_test_s3_file_sensor to 2022-12-08T00:00:00+00:00, run_after=2022-12-09T00:00:00+00:00
[2022-12-08 16:45:11,809] {processor.py:161} INFO - Processing /opt/airflow/dags/s3_file_sensor2 copy.py took 0.121 seconds
[2022-12-08 16:45:42,314] {processor.py:153} INFO - Started process (PID=4220) to work on /opt/airflow/dags/s3_file_sensor2 copy.py
[2022-12-08 16:45:42,315] {processor.py:641} INFO - Processing file /opt/airflow/dags/s3_file_sensor2 copy.py for tasks to queue
[2022-12-08 16:45:42,315] {logging_mixin.py:115} INFO - [2022-12-08 16:45:42,315] {dagbag.py:507} INFO - Filling up the DagBag from /opt/airflow/dags/s3_file_sensor2 copy.py
[2022-12-08 16:45:42,389] {processor.py:651} INFO - DAG(s) dict_keys(['second_test_s3_file_sensor']) retrieved from /opt/airflow/dags/s3_file_sensor2 copy.py
[2022-12-08 16:45:42,409] {logging_mixin.py:115} INFO - [2022-12-08 16:45:42,409] {dag.py:2371} INFO - Sync 1 DAGs
[2022-12-08 16:45:42,427] {logging_mixin.py:115} INFO - [2022-12-08 16:45:42,427] {dag.py:2919} INFO - Setting next_dagrun for second_test_s3_file_sensor to 2022-12-08T00:00:00+00:00, run_after=2022-12-09T00:00:00+00:00
[2022-12-08 16:45:42,433] {processor.py:161} INFO - Processing /opt/airflow/dags/s3_file_sensor2 copy.py took 0.122 seconds
[2022-12-08 16:46:12,827] {processor.py:153} INFO - Started process (PID=4296) to work on /opt/airflow/dags/s3_file_sensor2 copy.py
[2022-12-08 16:46:12,827] {processor.py:641} INFO - Processing file /opt/airflow/dags/s3_file_sensor2 copy.py for tasks to queue
[2022-12-08 16:46:12,828] {logging_mixin.py:115} INFO - [2022-12-08 16:46:12,827] {dagbag.py:507} INFO - Filling up the DagBag from /opt/airflow/dags/s3_file_sensor2 copy.py
[2022-12-08 16:46:12,903] {processor.py:651} INFO - DAG(s) dict_keys(['second_test_s3_file_sensor']) retrieved from /opt/airflow/dags/s3_file_sensor2 copy.py
[2022-12-08 16:46:12,923] {logging_mixin.py:115} INFO - [2022-12-08 16:46:12,923] {dag.py:2371} INFO - Sync 1 DAGs
[2022-12-08 16:46:12,941] {logging_mixin.py:115} INFO - [2022-12-08 16:46:12,941] {dag.py:2919} INFO - Setting next_dagrun for second_test_s3_file_sensor to 2022-12-08T00:00:00+00:00, run_after=2022-12-09T00:00:00+00:00
[2022-12-08 16:46:12,948] {processor.py:161} INFO - Processing /opt/airflow/dags/s3_file_sensor2 copy.py took 0.123 seconds
[2022-12-08 16:46:43,560] {processor.py:153} INFO - Started process (PID=4363) to work on /opt/airflow/dags/s3_file_sensor2 copy.py
[2022-12-08 16:46:43,561] {processor.py:641} INFO - Processing file /opt/airflow/dags/s3_file_sensor2 copy.py for tasks to queue
[2022-12-08 16:46:43,561] {logging_mixin.py:115} INFO - [2022-12-08 16:46:43,561] {dagbag.py:507} INFO - Filling up the DagBag from /opt/airflow/dags/s3_file_sensor2 copy.py
[2022-12-08 16:46:43,635] {processor.py:651} INFO - DAG(s) dict_keys(['second_test_s3_file_sensor']) retrieved from /opt/airflow/dags/s3_file_sensor2 copy.py
[2022-12-08 16:46:43,655] {logging_mixin.py:115} INFO - [2022-12-08 16:46:43,655] {dag.py:2371} INFO - Sync 1 DAGs
[2022-12-08 16:46:43,672] {logging_mixin.py:115} INFO - [2022-12-08 16:46:43,672] {dag.py:2919} INFO - Setting next_dagrun for second_test_s3_file_sensor to 2022-12-08T00:00:00+00:00, run_after=2022-12-09T00:00:00+00:00
[2022-12-08 16:46:43,679] {processor.py:161} INFO - Processing /opt/airflow/dags/s3_file_sensor2 copy.py took 0.122 seconds
[2022-12-08 16:47:13,878] {processor.py:153} INFO - Started process (PID=4439) to work on /opt/airflow/dags/s3_file_sensor2 copy.py
[2022-12-08 16:47:13,878] {processor.py:641} INFO - Processing file /opt/airflow/dags/s3_file_sensor2 copy.py for tasks to queue
[2022-12-08 16:47:13,879] {logging_mixin.py:115} INFO - [2022-12-08 16:47:13,879] {dagbag.py:507} INFO - Filling up the DagBag from /opt/airflow/dags/s3_file_sensor2 copy.py
[2022-12-08 16:47:13,953] {processor.py:651} INFO - DAG(s) dict_keys(['second_test_s3_file_sensor']) retrieved from /opt/airflow/dags/s3_file_sensor2 copy.py
[2022-12-08 16:47:13,973] {logging_mixin.py:115} INFO - [2022-12-08 16:47:13,973] {dag.py:2371} INFO - Sync 1 DAGs
[2022-12-08 16:47:13,990] {logging_mixin.py:115} INFO - [2022-12-08 16:47:13,990] {dag.py:2919} INFO - Setting next_dagrun for second_test_s3_file_sensor to 2022-12-08T00:00:00+00:00, run_after=2022-12-09T00:00:00+00:00
[2022-12-08 16:47:13,998] {processor.py:161} INFO - Processing /opt/airflow/dags/s3_file_sensor2 copy.py took 0.122 seconds
[2022-12-08 16:47:44,289] {processor.py:153} INFO - Started process (PID=4515) to work on /opt/airflow/dags/s3_file_sensor2 copy.py
[2022-12-08 16:47:44,289] {processor.py:641} INFO - Processing file /opt/airflow/dags/s3_file_sensor2 copy.py for tasks to queue
[2022-12-08 16:47:44,289] {logging_mixin.py:115} INFO - [2022-12-08 16:47:44,289] {dagbag.py:507} INFO - Filling up the DagBag from /opt/airflow/dags/s3_file_sensor2 copy.py
[2022-12-08 16:47:44,364] {processor.py:651} INFO - DAG(s) dict_keys(['second_test_s3_file_sensor']) retrieved from /opt/airflow/dags/s3_file_sensor2 copy.py
[2022-12-08 16:47:44,384] {logging_mixin.py:115} INFO - [2022-12-08 16:47:44,384] {dag.py:2371} INFO - Sync 1 DAGs
[2022-12-08 16:47:44,401] {logging_mixin.py:115} INFO - [2022-12-08 16:47:44,401] {dag.py:2919} INFO - Setting next_dagrun for second_test_s3_file_sensor to 2022-12-08T00:00:00+00:00, run_after=2022-12-09T00:00:00+00:00
[2022-12-08 16:47:44,408] {processor.py:161} INFO - Processing /opt/airflow/dags/s3_file_sensor2 copy.py took 0.121 seconds
[2022-12-08 16:48:15,031] {processor.py:153} INFO - Started process (PID=4564) to work on /opt/airflow/dags/s3_file_sensor2 copy.py
[2022-12-08 16:48:15,031] {processor.py:641} INFO - Processing file /opt/airflow/dags/s3_file_sensor2 copy.py for tasks to queue
[2022-12-08 16:48:15,031] {logging_mixin.py:115} INFO - [2022-12-08 16:48:15,031] {dagbag.py:507} INFO - Filling up the DagBag from /opt/airflow/dags/s3_file_sensor2 copy.py
[2022-12-08 16:48:15,105] {processor.py:651} INFO - DAG(s) dict_keys(['second_test_s3_file_sensor']) retrieved from /opt/airflow/dags/s3_file_sensor2 copy.py
[2022-12-08 16:48:15,125] {logging_mixin.py:115} INFO - [2022-12-08 16:48:15,125] {dag.py:2371} INFO - Sync 1 DAGs
[2022-12-08 16:48:15,147] {logging_mixin.py:115} INFO - [2022-12-08 16:48:15,147] {dag.py:2919} INFO - Setting next_dagrun for second_test_s3_file_sensor to 2022-12-08T00:00:00+00:00, run_after=2022-12-09T00:00:00+00:00
[2022-12-08 16:48:15,155] {processor.py:161} INFO - Processing /opt/airflow/dags/s3_file_sensor2 copy.py took 0.127 seconds
[2022-12-08 16:48:46,639] {processor.py:153} INFO - Started process (PID=4640) to work on /opt/airflow/dags/s3_file_sensor2 copy.py
[2022-12-08 16:48:46,639] {processor.py:641} INFO - Processing file /opt/airflow/dags/s3_file_sensor2 copy.py for tasks to queue
[2022-12-08 16:48:46,639] {logging_mixin.py:115} INFO - [2022-12-08 16:48:46,639] {dagbag.py:507} INFO - Filling up the DagBag from /opt/airflow/dags/s3_file_sensor2 copy.py
[2022-12-08 16:48:46,714] {processor.py:651} INFO - DAG(s) dict_keys(['second_test_s3_file_sensor']) retrieved from /opt/airflow/dags/s3_file_sensor2 copy.py
[2022-12-08 16:48:46,734] {logging_mixin.py:115} INFO - [2022-12-08 16:48:46,734] {dag.py:2371} INFO - Sync 1 DAGs
[2022-12-08 16:48:46,751] {logging_mixin.py:115} INFO - [2022-12-08 16:48:46,750] {dag.py:2919} INFO - Setting next_dagrun for second_test_s3_file_sensor to 2022-12-08T00:00:00+00:00, run_after=2022-12-09T00:00:00+00:00
[2022-12-08 16:48:46,757] {processor.py:161} INFO - Processing /opt/airflow/dags/s3_file_sensor2 copy.py took 0.121 seconds
[2022-12-08 16:49:16,902] {processor.py:153} INFO - Started process (PID=4707) to work on /opt/airflow/dags/s3_file_sensor2 copy.py
[2022-12-08 16:49:16,902] {processor.py:641} INFO - Processing file /opt/airflow/dags/s3_file_sensor2 copy.py for tasks to queue
[2022-12-08 16:49:16,902] {logging_mixin.py:115} INFO - [2022-12-08 16:49:16,902] {dagbag.py:507} INFO - Filling up the DagBag from /opt/airflow/dags/s3_file_sensor2 copy.py
[2022-12-08 16:49:16,977] {processor.py:651} INFO - DAG(s) dict_keys(['second_test_s3_file_sensor']) retrieved from /opt/airflow/dags/s3_file_sensor2 copy.py
[2022-12-08 16:49:16,997] {logging_mixin.py:115} INFO - [2022-12-08 16:49:16,997] {dag.py:2371} INFO - Sync 1 DAGs
[2022-12-08 16:49:17,014] {logging_mixin.py:115} INFO - [2022-12-08 16:49:17,014] {dag.py:2919} INFO - Setting next_dagrun for second_test_s3_file_sensor to 2022-12-08T00:00:00+00:00, run_after=2022-12-09T00:00:00+00:00
[2022-12-08 16:49:17,021] {processor.py:161} INFO - Processing /opt/airflow/dags/s3_file_sensor2 copy.py took 0.121 seconds
[2022-12-08 16:49:47,241] {processor.py:153} INFO - Started process (PID=4770) to work on /opt/airflow/dags/s3_file_sensor2 copy.py
[2022-12-08 16:49:47,242] {processor.py:641} INFO - Processing file /opt/airflow/dags/s3_file_sensor2 copy.py for tasks to queue
[2022-12-08 16:49:47,242] {logging_mixin.py:115} INFO - [2022-12-08 16:49:47,242] {dagbag.py:507} INFO - Filling up the DagBag from /opt/airflow/dags/s3_file_sensor2 copy.py
[2022-12-08 16:49:47,317] {processor.py:651} INFO - DAG(s) dict_keys(['second_test_s3_file_sensor']) retrieved from /opt/airflow/dags/s3_file_sensor2 copy.py
[2022-12-08 16:49:47,338] {logging_mixin.py:115} INFO - [2022-12-08 16:49:47,338] {dag.py:2371} INFO - Sync 1 DAGs
[2022-12-08 16:49:47,355] {logging_mixin.py:115} INFO - [2022-12-08 16:49:47,355] {dag.py:2919} INFO - Setting next_dagrun for second_test_s3_file_sensor to 2022-12-08T00:00:00+00:00, run_after=2022-12-09T00:00:00+00:00
[2022-12-08 16:49:47,362] {processor.py:161} INFO - Processing /opt/airflow/dags/s3_file_sensor2 copy.py took 0.123 seconds
[2022-12-08 16:50:17,786] {processor.py:153} INFO - Started process (PID=4837) to work on /opt/airflow/dags/s3_file_sensor2 copy.py
[2022-12-08 16:50:17,787] {processor.py:641} INFO - Processing file /opt/airflow/dags/s3_file_sensor2 copy.py for tasks to queue
[2022-12-08 16:50:17,787] {logging_mixin.py:115} INFO - [2022-12-08 16:50:17,787] {dagbag.py:507} INFO - Filling up the DagBag from /opt/airflow/dags/s3_file_sensor2 copy.py
[2022-12-08 16:50:17,863] {processor.py:651} INFO - DAG(s) dict_keys(['second_test_s3_file_sensor']) retrieved from /opt/airflow/dags/s3_file_sensor2 copy.py
[2022-12-08 16:50:17,882] {logging_mixin.py:115} INFO - [2022-12-08 16:50:17,882] {dag.py:2371} INFO - Sync 1 DAGs
[2022-12-08 16:50:17,899] {logging_mixin.py:115} INFO - [2022-12-08 16:50:17,899] {dag.py:2919} INFO - Setting next_dagrun for second_test_s3_file_sensor to 2022-12-08T00:00:00+00:00, run_after=2022-12-09T00:00:00+00:00
[2022-12-08 16:50:17,906] {processor.py:161} INFO - Processing /opt/airflow/dags/s3_file_sensor2 copy.py took 0.122 seconds
[2022-12-08 16:50:48,657] {processor.py:153} INFO - Started process (PID=4913) to work on /opt/airflow/dags/s3_file_sensor2 copy.py
[2022-12-08 16:50:48,657] {processor.py:641} INFO - Processing file /opt/airflow/dags/s3_file_sensor2 copy.py for tasks to queue
[2022-12-08 16:50:48,658] {logging_mixin.py:115} INFO - [2022-12-08 16:50:48,658] {dagbag.py:507} INFO - Filling up the DagBag from /opt/airflow/dags/s3_file_sensor2 copy.py
[2022-12-08 16:50:48,732] {processor.py:651} INFO - DAG(s) dict_keys(['second_test_s3_file_sensor']) retrieved from /opt/airflow/dags/s3_file_sensor2 copy.py
[2022-12-08 16:50:48,752] {logging_mixin.py:115} INFO - [2022-12-08 16:50:48,752] {dag.py:2371} INFO - Sync 1 DAGs
[2022-12-08 16:50:48,770] {logging_mixin.py:115} INFO - [2022-12-08 16:50:48,770] {dag.py:2919} INFO - Setting next_dagrun for second_test_s3_file_sensor to 2022-12-08T00:00:00+00:00, run_after=2022-12-09T00:00:00+00:00
[2022-12-08 16:50:48,777] {processor.py:161} INFO - Processing /opt/airflow/dags/s3_file_sensor2 copy.py took 0.123 seconds
[2022-12-08 16:51:19,462] {processor.py:153} INFO - Started process (PID=4989) to work on /opt/airflow/dags/s3_file_sensor2 copy.py
[2022-12-08 16:51:19,463] {processor.py:641} INFO - Processing file /opt/airflow/dags/s3_file_sensor2 copy.py for tasks to queue
[2022-12-08 16:51:19,463] {logging_mixin.py:115} INFO - [2022-12-08 16:51:19,463] {dagbag.py:507} INFO - Filling up the DagBag from /opt/airflow/dags/s3_file_sensor2 copy.py
[2022-12-08 16:51:19,537] {processor.py:651} INFO - DAG(s) dict_keys(['second_test_s3_file_sensor']) retrieved from /opt/airflow/dags/s3_file_sensor2 copy.py
[2022-12-08 16:51:19,556] {logging_mixin.py:115} INFO - [2022-12-08 16:51:19,556] {dag.py:2371} INFO - Sync 1 DAGs
[2022-12-08 16:51:19,573] {logging_mixin.py:115} INFO - [2022-12-08 16:51:19,573] {dag.py:2919} INFO - Setting next_dagrun for second_test_s3_file_sensor to 2022-12-08T00:00:00+00:00, run_after=2022-12-09T00:00:00+00:00
[2022-12-08 16:51:19,580] {processor.py:161} INFO - Processing /opt/airflow/dags/s3_file_sensor2 copy.py took 0.120 seconds
[2022-12-08 16:51:50,157] {processor.py:153} INFO - Started process (PID=5056) to work on /opt/airflow/dags/s3_file_sensor2 copy.py
[2022-12-08 16:51:50,157] {processor.py:641} INFO - Processing file /opt/airflow/dags/s3_file_sensor2 copy.py for tasks to queue
[2022-12-08 16:51:50,158] {logging_mixin.py:115} INFO - [2022-12-08 16:51:50,157] {dagbag.py:507} INFO - Filling up the DagBag from /opt/airflow/dags/s3_file_sensor2 copy.py
[2022-12-08 16:51:50,233] {processor.py:651} INFO - DAG(s) dict_keys(['second_test_s3_file_sensor']) retrieved from /opt/airflow/dags/s3_file_sensor2 copy.py
[2022-12-08 16:51:50,254] {logging_mixin.py:115} INFO - [2022-12-08 16:51:50,254] {dag.py:2371} INFO - Sync 1 DAGs
[2022-12-08 16:51:50,272] {logging_mixin.py:115} INFO - [2022-12-08 16:51:50,271] {dag.py:2919} INFO - Setting next_dagrun for second_test_s3_file_sensor to 2022-12-08T00:00:00+00:00, run_after=2022-12-09T00:00:00+00:00
[2022-12-08 16:51:50,280] {processor.py:161} INFO - Processing /opt/airflow/dags/s3_file_sensor2 copy.py took 0.125 seconds
[2022-12-08 16:52:21,030] {processor.py:153} INFO - Started process (PID=5132) to work on /opt/airflow/dags/s3_file_sensor2 copy.py
[2022-12-08 16:52:21,030] {processor.py:641} INFO - Processing file /opt/airflow/dags/s3_file_sensor2 copy.py for tasks to queue
[2022-12-08 16:52:21,031] {logging_mixin.py:115} INFO - [2022-12-08 16:52:21,031] {dagbag.py:507} INFO - Filling up the DagBag from /opt/airflow/dags/s3_file_sensor2 copy.py
[2022-12-08 16:52:21,105] {processor.py:651} INFO - DAG(s) dict_keys(['second_test_s3_file_sensor']) retrieved from /opt/airflow/dags/s3_file_sensor2 copy.py
[2022-12-08 16:52:21,124] {logging_mixin.py:115} INFO - [2022-12-08 16:52:21,124] {dag.py:2371} INFO - Sync 1 DAGs
[2022-12-08 16:52:21,142] {logging_mixin.py:115} INFO - [2022-12-08 16:52:21,142] {dag.py:2919} INFO - Setting next_dagrun for second_test_s3_file_sensor to 2022-12-08T00:00:00+00:00, run_after=2022-12-09T00:00:00+00:00
[2022-12-08 16:52:21,149] {processor.py:161} INFO - Processing /opt/airflow/dags/s3_file_sensor2 copy.py took 0.121 seconds
[2022-12-08 16:52:51,800] {processor.py:153} INFO - Started process (PID=5208) to work on /opt/airflow/dags/s3_file_sensor2 copy.py
[2022-12-08 16:52:51,801] {processor.py:641} INFO - Processing file /opt/airflow/dags/s3_file_sensor2 copy.py for tasks to queue
[2022-12-08 16:52:51,801] {logging_mixin.py:115} INFO - [2022-12-08 16:52:51,801] {dagbag.py:507} INFO - Filling up the DagBag from /opt/airflow/dags/s3_file_sensor2 copy.py
[2022-12-08 16:52:51,875] {processor.py:651} INFO - DAG(s) dict_keys(['second_test_s3_file_sensor']) retrieved from /opt/airflow/dags/s3_file_sensor2 copy.py
[2022-12-08 16:52:51,895] {logging_mixin.py:115} INFO - [2022-12-08 16:52:51,895] {dag.py:2371} INFO - Sync 1 DAGs
[2022-12-08 16:52:51,912] {logging_mixin.py:115} INFO - [2022-12-08 16:52:51,912] {dag.py:2919} INFO - Setting next_dagrun for second_test_s3_file_sensor to 2022-12-08T00:00:00+00:00, run_after=2022-12-09T00:00:00+00:00
[2022-12-08 16:52:51,919] {processor.py:161} INFO - Processing /opt/airflow/dags/s3_file_sensor2 copy.py took 0.121 seconds
[2022-12-08 16:53:22,640] {processor.py:153} INFO - Started process (PID=5284) to work on /opt/airflow/dags/s3_file_sensor2 copy.py
[2022-12-08 16:53:22,641] {processor.py:641} INFO - Processing file /opt/airflow/dags/s3_file_sensor2 copy.py for tasks to queue
[2022-12-08 16:53:22,641] {logging_mixin.py:115} INFO - [2022-12-08 16:53:22,641] {dagbag.py:507} INFO - Filling up the DagBag from /opt/airflow/dags/s3_file_sensor2 copy.py
[2022-12-08 16:53:22,715] {processor.py:651} INFO - DAG(s) dict_keys(['second_test_s3_file_sensor']) retrieved from /opt/airflow/dags/s3_file_sensor2 copy.py
[2022-12-08 16:53:22,735] {logging_mixin.py:115} INFO - [2022-12-08 16:53:22,735] {dag.py:2371} INFO - Sync 1 DAGs
[2022-12-08 16:53:22,753] {logging_mixin.py:115} INFO - [2022-12-08 16:53:22,752] {dag.py:2919} INFO - Setting next_dagrun for second_test_s3_file_sensor to 2022-12-08T00:00:00+00:00, run_after=2022-12-09T00:00:00+00:00
[2022-12-08 16:53:22,759] {processor.py:161} INFO - Processing /opt/airflow/dags/s3_file_sensor2 copy.py took 0.121 seconds
